2022-12-19 13:02:16,552 [INFO] Activator:177 - 


2022-12-19 13:02:16,552 [INFO] Activator:178 - !SESSION log4j initialized
2022-12-19 13:02:49,933 [ERROR] LogOutputStream:74 - [STDERR_REDIRECT] SLF4J: Failed to load class "org.slf4j.impl.StaticLoggerBinder".
2022-12-19 13:02:49,941 [ERROR] LogOutputStream:74 - [STDERR_REDIRECT] SLF4J: Defaulting to no-operation (NOP) logger implementation
2022-12-19 13:02:49,941 [ERROR] LogOutputStream:74 - [STDERR_REDIRECT] SLF4J: See http://www.slf4j.org/codes.html#StaticLoggerBinder for further details.
2022-12-19 13:09:36,385 [INFO] McuFinderGlobals:44 - Set McuFinder mode to 2 (CubeIDE integrated)
2022-12-19 13:09:38,655 [INFO] ApplicationProperties:181 - Using Application install path: C:\ST\STM32CubeIDE_1.10.1\STM32CubeIDE\plugins\com.st.stm32cube.common.mx_6.6.1.202207061420
2022-12-19 13:09:38,703 [INFO] DbMcusXml:77 - Set database path to: C:\ST\STM32CubeIDE_1.10.1\STM32CubeIDE\plugins\com.st.stm32cube.common.mx_6.6.1.202207061420\\db\/mcu/
2022-12-19 13:09:38,703 [INFO] ApiDb:269 - Set plugin database path to: C:\ST\STM32CubeIDE_1.10.1\STM32CubeIDE\plugins\com.st.stm32cube.common.mx_6.6.1.202207061420\\db\/plugins/boardmanager/
2022-12-19 13:09:38,743 [WARN] ApiDb:254 - Overriding images path with different value:  => C:\ST\STM32CubeIDE_1.10.1\STM32CubeIDE\plugins\com.st.stm32cube.common.mx_6.6.1.202207061420\\db\/plugins/mcufinder/images/
2022-12-19 13:09:38,783 [INFO] ApiDb:249 - Set database path to: C:\Users\fredr\.stmcufinder\plugins\mcufinder//mcu/
2022-12-19 13:09:38,783 [INFO] DbMcusAds:124 - Set database path to: C:\Users\fredr\.stmcufinder\plugins\mcufinder//mcu/
2022-12-19 13:09:38,807 [INFO] CrossReferenceDbSqlite:201 - Set database path to: C:\Users\fredr\.stmcufinder\plugins\mcufinder//mcu/cs/
2022-12-19 13:09:39,047 [INFO] RulesReader:61 - Compatibility file has been processed (282 Rules)
2022-12-19 13:09:39,279 [INFO] DbMcusXml:77 - Set database path to: C:\ST\STM32CubeIDE_1.10.1\STM32CubeIDE\plugins\com.st.stm32cube.common.mx_6.6.1.202207061420\\db\/mcu/
2022-12-19 13:09:39,287 [INFO] ApiDb:269 - Set plugin database path to: C:\ST\STM32CubeIDE_1.10.1\STM32CubeIDE\plugins\com.st.stm32cube.common.mx_6.6.1.202207061420\\db\/plugins/boardmanager/
2022-12-19 13:09:39,287 [INFO] ApiDb:256 - Set plugin images path to: C:\ST\STM32CubeIDE_1.10.1\STM32CubeIDE\plugins\com.st.stm32cube.common.mx_6.6.1.202207061420\\db\/plugins/mcufinder/images/
2022-12-19 13:09:39,287 [WARN] DbFile:40 - Overriding database path with different value: C:\Users\fredr\.stmcufinder\plugins\mcufinder/ => C:\Users\fredr\.stmcufinder\plugins\mcufinder
2022-12-19 13:09:39,287 [INFO] ApiDb:249 - Set database path to: C:\Users\fredr\.stmcufinder\plugins\mcufinder//mcu/
2022-12-19 13:09:39,287 [WARN] DbFile:40 - Overriding database path with different value: C:\Users\fredr\.stmcufinder\plugins\mcufinder/ => C:\Users\fredr\.stmcufinder\plugins\mcufinder
2022-12-19 13:09:39,287 [INFO] DbMcusAds:124 - Set database path to: C:\Users\fredr\.stmcufinder\plugins\mcufinder//mcu/
2022-12-19 13:09:39,287 [WARN] DbFile:40 - Overriding database path with different value: C:\Users\fredr\.stmcufinder\plugins\mcufinder/ => C:\Users\fredr\.stmcufinder\plugins\mcufinder
2022-12-19 13:09:39,287 [WARN] DbFile:40 - Overriding database path with different value: C:\Users\fredr\.stmcufinder\plugins\mcufinder/ => C:\Users\fredr\.stmcufinder\plugins\mcufinder
2022-12-19 13:09:39,295 [INFO] CrossReferenceDbSqlite:201 - Set database path to: C:\Users\fredr\.stmcufinder\plugins\mcufinder//mcu/cs/
2022-12-19 13:09:39,495 [INFO] MainPanel:242 - HeapMemory: 300941312
2022-12-19 13:09:39,767 [INFO] DbMcusXml:77 - Set database path to: C:\ST\STM32CubeIDE_1.10.1\STM32CubeIDE\plugins\com.st.stm32cube.common.mx_6.6.1.202207061420\\db\/mcu/
2022-12-19 13:09:39,767 [INFO] ApiDb:269 - Set plugin database path to: C:\ST\STM32CubeIDE_1.10.1\STM32CubeIDE\plugins\com.st.stm32cube.common.mx_6.6.1.202207061420\\db\/plugins/boardmanager/
2022-12-19 13:09:39,767 [INFO] ApiDb:256 - Set plugin images path to: C:\ST\STM32CubeIDE_1.10.1\STM32CubeIDE\plugins\com.st.stm32cube.common.mx_6.6.1.202207061420\\db\/plugins/mcufinder/images/
2022-12-19 13:09:39,775 [WARN] DbFile:40 - Overriding database path with different value: C:\Users\fredr\.stmcufinder\plugins\mcufinder/ => C:\Users\fredr\.stmcufinder\plugins\mcufinder
2022-12-19 13:09:39,775 [INFO] ApiDb:249 - Set database path to: C:\Users\fredr\.stmcufinder\plugins\mcufinder//mcu/
2022-12-19 13:09:39,775 [WARN] DbFile:40 - Overriding database path with different value: C:\Users\fredr\.stmcufinder\plugins\mcufinder/ => C:\Users\fredr\.stmcufinder\plugins\mcufinder
2022-12-19 13:09:39,775 [INFO] DbMcusAds:124 - Set database path to: C:\Users\fredr\.stmcufinder\plugins\mcufinder//mcu/
2022-12-19 13:09:39,775 [WARN] DbFile:40 - Overriding database path with different value: C:\Users\fredr\.stmcufinder\plugins\mcufinder/ => C:\Users\fredr\.stmcufinder\plugins\mcufinder
2022-12-19 13:09:39,775 [WARN] DbFile:40 - Overriding database path with different value: C:\Users\fredr\.stmcufinder\plugins\mcufinder/ => C:\Users\fredr\.stmcufinder\plugins\mcufinder
2022-12-19 13:09:39,775 [INFO] CrossReferenceDbSqlite:201 - Set database path to: C:\Users\fredr\.stmcufinder\plugins\mcufinder//mcu/cs/
2022-12-19 13:09:39,823 [INFO] ApplicationProperties:181 - Using Application install path: C:\ST\STM32CubeIDE_1.10.1\STM32CubeIDE\plugins\com.st.stm32cube.common.mx_6.6.1.202207061420
2022-12-19 13:09:39,823 [INFO] PluginManage:193 - Search for loadable plugins [exclusion list=, ]
2022-12-19 13:09:39,831 [INFO] PluginManage:307 - Check plugin analytics
2022-12-19 13:09:44,740 [INFO] AnalyticsPlugin:262 - Accepted Software Licenses: 
2022-12-19 13:09:44,748 [INFO] AnalyticsPlugin:264 - Accepted CMSIS Pack Licenses: STMicroelectronics.X-CUBE-GNSS1.6.0.0
2022-12-19 13:09:44,748 [INFO] AnalyticsPlugin:266 - Accepted Firmware Licenses: FW.G4.1.5.0,FW.F7.1.17.0,FW.H7.1.10.0,FW.F4.1.27.0
2022-12-19 13:09:44,764 [INFO] PluginManage:356 - Loaded plugin analytics (category:tool,tabindex:-1)
2022-12-19 13:09:44,764 [INFO] PluginManage:307 - Check plugin cadmodel
2022-12-19 13:09:44,796 [INFO] CADModel:65 - Init CAD model plugin
2022-12-19 13:09:44,796 [INFO] PluginManage:356 - Loaded plugin cadmodel (category:power,tabindex:5)
2022-12-19 13:09:44,796 [INFO] PluginManage:307 - Check plugin clock
2022-12-19 13:09:44,868 [INFO] PluginManage:356 - Loaded plugin clock (category:base,tabindex:2)
2022-12-19 13:09:44,868 [INFO] PluginManage:307 - Check plugin ddr
2022-12-19 13:09:44,876 [INFO] PluginManage:356 - Loaded plugin ddr (category:tool,tabindex:6)
2022-12-19 13:09:44,876 [INFO] PluginManage:307 - Check plugin filemanager
2022-12-19 13:09:45,196 [INFO] PluginManage:356 - Loaded plugin filemanager (category:base,tabindex:10)
2022-12-19 13:09:45,204 [INFO] PluginManage:307 - Check plugin ipmanager
2022-12-19 13:09:45,228 [INFO] PluginManage:356 - Loaded plugin ipmanager (category:base,tabindex:5)
2022-12-19 13:09:45,228 [INFO] PluginManage:307 - Check plugin lpbam
2022-12-19 13:09:45,268 [INFO] PluginManage:356 - Loaded plugin lpbam (category:base,tabindex:0)
2022-12-19 13:09:45,268 [INFO] PluginManage:307 - Check plugin pinoutandconfiguration
2022-12-19 13:09:45,308 [INFO] PluginManage:356 - Loaded plugin pinoutandconfiguration (category:base,tabindex:1)
2022-12-19 13:09:45,308 [INFO] PluginManage:307 - Check plugin pinoutconfig
2022-12-19 13:09:45,420 [INFO] PluginManage:356 - Loaded plugin pinoutconfig (category:base,tabindex:0)
2022-12-19 13:09:45,420 [INFO] PluginManage:307 - Check plugin power
2022-12-19 13:09:45,460 [INFO] PluginManage:356 - Loaded plugin power (category:power,tabindex:4)
2022-12-19 13:09:45,460 [INFO] PluginManage:307 - Check plugin projectmanager
2022-12-19 13:09:45,508 [INFO] PluginManage:356 - Loaded plugin projectmanager (category:projectmanager,tabindex:3)
2022-12-19 13:09:45,508 [INFO] PluginManage:307 - Check plugin thirdparty
2022-12-19 13:09:46,061 [WARN] IntegrityCheckThread:82 - waiting for thirdparty lock release [integrity check]
2022-12-19 13:09:46,061 [INFO] PluginManage:356 - Loaded plugin thirdparty (category:base,tabindex:-1)
2022-12-19 13:09:46,069 [INFO] IntegrityCheckThread:84 - entering critical section [integrity check]
2022-12-19 13:09:46,069 [INFO] PluginManage:307 - Check plugin tools
2022-12-19 13:09:46,069 [INFO] ThirdPartyUpdaterWithRetryManager:70 - Updater plugin not ready yet. [1/15]
2022-12-19 13:09:46,117 [INFO] PluginManage:356 - Loaded plugin tools (category:base,tabindex:7)
2022-12-19 13:09:46,117 [INFO] PluginManage:307 - Check plugin tutovideos
2022-12-19 13:09:46,629 [INFO] PluginManage:356 - Loaded plugin tutovideos (category:base,tabindex:-1)
2022-12-19 13:09:46,629 [INFO] PluginManage:307 - Check plugin updater
2022-12-19 13:09:46,669 [INFO] PluginManage:356 - Loaded plugin updater (category:base,tabindex:12)
2022-12-19 13:09:46,669 [INFO] PluginManage:280 - PluginManage : Loaded plugins [15]
2022-12-19 13:09:47,286 [INFO] PinOutPanel:1468 - setPackage(No Configuration,No Configuration)
2022-12-19 13:09:47,470 [INFO] CADModel:98 - CPN selected for project level
2022-12-19 13:09:47,534 [INFO] IPUIPlugin:79 - create IPUIPlugin
2022-12-19 13:09:47,534 [INFO] PluginManager:217 - loadIPPluginJar : add adc
2022-12-19 13:09:47,598 [INFO] IPUIPlugin:79 - create IPUIPlugin
2022-12-19 13:09:47,598 [INFO] PluginManager:217 - loadIPPluginJar : add aes
2022-12-19 13:09:47,686 [INFO] IPUIPlugin:79 - create IPUIPlugin
2022-12-19 13:09:47,686 [INFO] PluginManager:217 - loadIPPluginJar : add can
2022-12-19 13:09:47,726 [INFO] IPUIPlugin:79 - create IPUIPlugin
2022-12-19 13:09:47,726 [INFO] PluginManager:217 - loadIPPluginJar : add comp
2022-12-19 13:09:47,782 [INFO] IPUIPlugin:79 - create IPUIPlugin
2022-12-19 13:09:47,782 [INFO] PluginManager:217 - loadIPPluginJar : add cryp
2022-12-19 13:09:47,838 [INFO] IPUIPlugin:79 - create IPUIPlugin
2022-12-19 13:09:47,838 [INFO] PluginManager:217 - loadIPPluginJar : add dfsdm
2022-12-19 13:09:47,870 [INFO] IPUIPlugin:79 - create IPUIPlugin
2022-12-19 13:09:47,870 [INFO] PluginManager:217 - loadIPPluginJar : add dma
2022-12-19 13:09:47,942 [INFO] IPUIPlugin:79 - create IPUIPlugin
2022-12-19 13:09:47,942 [INFO] PluginManager:217 - loadIPPluginJar : add dma3
2022-12-19 13:09:47,990 [INFO] IPUIPlugin:79 - create IPUIPlugin
2022-12-19 13:09:47,990 [INFO] PluginManager:217 - loadIPPluginJar : add fatfs
2022-12-19 13:09:48,070 [INFO] IPUIPlugin:79 - create IPUIPlugin
2022-12-19 13:09:48,070 [INFO] PluginManager:217 - loadIPPluginJar : add fmc
2022-12-19 13:09:48,102 [INFO] IPUIPlugin:79 - create IPUIPlugin
2022-12-19 13:09:48,102 [INFO] PluginManager:217 - loadIPPluginJar : add freertos
2022-12-19 13:09:48,134 [INFO] IPUIPlugin:79 - create IPUIPlugin
2022-12-19 13:09:48,142 [INFO] PluginManager:217 - loadIPPluginJar : add genericplugin
2022-12-19 13:09:48,287 [INFO] IPUIPlugin:79 - create IPUIPlugin
2022-12-19 13:09:48,287 [INFO] PluginManager:217 - loadIPPluginJar : add gfxmmu
2022-12-19 13:09:48,503 [INFO] IPUIPlugin:79 - create IPUIPlugin
2022-12-19 13:09:48,511 [INFO] PluginManager:217 - loadIPPluginJar : add gic
2022-12-19 13:09:48,535 [INFO] IPUIPlugin:79 - create IPUIPlugin
2022-12-19 13:09:48,535 [INFO] PluginManager:217 - loadIPPluginJar : add gpio
2022-12-19 13:09:48,671 [INFO] IPUIPlugin:79 - create IPUIPlugin
2022-12-19 13:09:48,671 [INFO] PluginManager:217 - loadIPPluginJar : add gtzc
2022-12-19 13:09:48,727 [INFO] IPUIPlugin:79 - create IPUIPlugin
2022-12-19 13:09:48,727 [INFO] PluginManager:217 - loadIPPluginJar : add hash
2022-12-19 13:09:48,823 [INFO] IPUIPlugin:79 - create IPUIPlugin
2022-12-19 13:09:48,823 [INFO] PluginManager:217 - loadIPPluginJar : add i2c
2022-12-19 13:09:48,895 [INFO] IPUIPlugin:79 - create IPUIPlugin
2022-12-19 13:09:48,903 [INFO] PluginManager:217 - loadIPPluginJar : add i2s
2022-12-19 13:09:49,071 [INFO] ThirdPartyUpdaterWithRetryManager:70 - Updater plugin not ready yet. [2/15]
2022-12-19 13:09:49,119 [INFO] IPUIPlugin:79 - create IPUIPlugin
2022-12-19 13:09:49,127 [INFO] PluginManager:217 - loadIPPluginJar : add ipddr
2022-12-19 13:09:49,334 [INFO] IPUIPlugin:79 - create IPUIPlugin
2022-12-19 13:09:49,334 [INFO] PluginManager:217 - loadIPPluginJar : add linkedlist
2022-12-19 13:09:49,398 [INFO] IPUIPlugin:79 - create IPUIPlugin
2022-12-19 13:09:49,406 [INFO] PluginManager:217 - loadIPPluginJar : add lorawan
2022-12-19 13:09:49,462 [INFO] IPUIPlugin:79 - create IPUIPlugin
2022-12-19 13:09:49,462 [INFO] PluginManager:217 - loadIPPluginJar : add ltdc
2022-12-19 13:09:49,494 [INFO] IPUIPlugin:79 - create IPUIPlugin
2022-12-19 13:09:49,494 [INFO] PluginManager:217 - loadIPPluginJar : add mdma
2022-12-19 13:09:49,510 [INFO] IPUIPlugin:79 - create IPUIPlugin
2022-12-19 13:09:49,510 [INFO] PluginManager:217 - loadIPPluginJar : add nvic
2022-12-19 13:09:49,574 [INFO] IPUIPlugin:79 - create IPUIPlugin
2022-12-19 13:09:49,574 [INFO] PluginManager:217 - loadIPPluginJar : add opamp
2022-12-19 13:09:49,678 [INFO] IPUIPlugin:79 - create IPUIPlugin
2022-12-19 13:09:49,678 [INFO] PluginManager:217 - loadIPPluginJar : add openamp
2022-12-19 13:09:49,759 [INFO] IPUIPlugin:79 - create IPUIPlugin
2022-12-19 13:09:49,759 [INFO] PluginManager:217 - loadIPPluginJar : add pdm2pcm
2022-12-19 13:09:49,799 [INFO] IPUIPlugin:79 - create IPUIPlugin
2022-12-19 13:09:49,807 [INFO] PluginManager:217 - loadIPPluginJar : add plateformsettings
2022-12-19 13:09:49,855 [INFO] IPUIPlugin:79 - create IPUIPlugin
2022-12-19 13:09:49,863 [INFO] PluginManager:217 - loadIPPluginJar : add quadspi
2022-12-19 13:09:49,895 [INFO] IPUIPlugin:79 - create IPUIPlugin
2022-12-19 13:09:49,895 [INFO] PluginManager:217 - loadIPPluginJar : add resmgrutility
2022-12-19 13:09:49,975 [INFO] IPUIPlugin:79 - create IPUIPlugin
2022-12-19 13:09:49,975 [INFO] PluginManager:217 - loadIPPluginJar : add sai
2022-12-19 13:09:50,047 [INFO] IPUIPlugin:79 - create IPUIPlugin
2022-12-19 13:09:50,047 [INFO] PluginManager:217 - loadIPPluginJar : add spi
2022-12-19 13:09:50,143 [INFO] IPUIPlugin:79 - create IPUIPlugin
2022-12-19 13:09:50,143 [INFO] PluginManager:217 - loadIPPluginJar : add stm32_wpan
2022-12-19 13:09:50,183 [INFO] IPUIPlugin:79 - create IPUIPlugin
2022-12-19 13:09:50,183 [INFO] PluginManager:217 - loadIPPluginJar : add tim
2022-12-19 13:09:50,279 [INFO] IPUIPlugin:79 - create IPUIPlugin
2022-12-19 13:09:50,279 [INFO] PluginManager:217 - loadIPPluginJar : add touchsensing
2022-12-19 13:09:50,319 [INFO] IPUIPlugin:79 - create IPUIPlugin
2022-12-19 13:09:50,319 [INFO] PluginManager:217 - loadIPPluginJar : add tracer_emb
2022-12-19 13:09:50,368 [INFO] IPUIPlugin:79 - create IPUIPlugin
2022-12-19 13:09:50,376 [INFO] PluginManager:217 - loadIPPluginJar : add ts
2022-12-19 13:09:50,408 [INFO] IPUIPlugin:79 - create IPUIPlugin
2022-12-19 13:09:50,408 [INFO] PluginManager:217 - loadIPPluginJar : add tsc
2022-12-19 13:09:50,448 [INFO] IPUIPlugin:79 - create IPUIPlugin
2022-12-19 13:09:50,448 [INFO] PluginManager:217 - loadIPPluginJar : add ucpd
2022-12-19 13:09:50,520 [INFO] IPUIPlugin:79 - create IPUIPlugin
2022-12-19 13:09:50,520 [INFO] PluginManager:217 - loadIPPluginJar : add usart
2022-12-19 13:09:50,592 [INFO] IPUIPlugin:79 - create IPUIPlugin
2022-12-19 13:09:50,592 [INFO] PluginManager:217 - loadIPPluginJar : add usbx
2022-12-19 13:09:51,259 [FATAL] Updater:301 - Updater called before beeing initialized
2022-12-19 13:09:51,507 [FATAL] Updater:301 - Updater called before beeing initialized
2022-12-19 13:09:51,539 [INFO] DbMcusAds:52 - JSON generation date=Thu Sep 30 08:56:37 CEST 2021 (1632984997303)
2022-12-19 13:09:51,539 [FATAL] Updater:301 - Updater called before beeing initialized
2022-12-19 13:09:51,675 [WARN] DetailPanel:344 - Failed to get advertising image, set to default
2022-12-19 13:09:51,891 [FATAL] Updater:301 - Updater called before beeing initialized
2022-12-19 13:09:51,899 [FATAL] Updater:301 - Updater called before beeing initialized
2022-12-19 13:09:51,899 [FATAL] Updater:301 - Updater called before beeing initialized
2022-12-19 13:09:51,899 [WARN] DetailPanel:344 - Failed to get advertising image, set to default
2022-12-19 13:09:51,907 [FATAL] Updater:301 - Updater called before beeing initialized
2022-12-19 13:09:52,043 [ERROR] Updater:1105 - MainUpdater not yet initialized. External WinMGr cannot be set.
2022-12-19 13:09:52,059 [INFO] Updater:1041 - Updater Version found : 6.6.1
2022-12-19 13:09:52,075 [INFO] ThirdPartyUpdaterWithRetryManager:70 - Updater plugin not ready yet. [3/15]
2022-12-19 13:09:52,107 [INFO] ApplicationProperties:181 - Using Application install path: C:\ST\STM32CubeIDE_1.10.1\STM32CubeIDE\plugins\com.st.stm32cube.common.mx_6.6.1.202207061420
2022-12-19 13:09:52,445 [INFO] MainUpdater:2768 - connection check result : 10
2022-12-19 13:09:52,445 [INFO] MainUpdater:280 - Updater Check For Update Now.
2022-12-19 13:09:52,445 [INFO] MicroXplorer:481 - Change Database Version : DB.6.0.60
2022-12-19 13:09:52,749 [INFO] CheckServerUpdateThread:119 - End of CheckServer Thread
2022-12-19 13:09:52,925 [INFO] MainUpdater:2768 - connection check result : 10
2022-12-19 13:09:52,933 [INFO] MainUpdater:2768 - connection check result : 10
2022-12-19 13:09:53,277 [INFO] MicroXplorer:451 - Change Database Path : 
2022-12-19 13:09:53,277 [INFO] MicroXplorer:481 - Change Database Version : DB.6.0.60
2022-12-19 13:09:53,277 [WARN] ThirdParty:827 - waiting for thirdparty lock release [close project]
2022-12-19 13:09:55,480 [WARN] PackLoader:242 - Cannot read IP mode file for STMicroelectronics.X-CUBE-GNSS1.6.0.0
2022-12-19 13:09:55,928 [WARN] PackLoader:242 - Cannot read IP mode file for STMicroelectronics.X-CUBE-AZRTOS-F4.1.1.0
2022-12-19 13:09:55,976 [WARN] PackLoader:242 - Cannot read IP mode file for STMicroelectronics.X-CUBE-BLEMGR.1.2.0
2022-12-19 13:09:56,056 [WARN] PackLoader:242 - Cannot read IP mode file for STMicroelectronics.X-CUBE-AZRTOS-F7.1.1.0
2022-12-19 13:09:56,104 [WARN] PackLoader:242 - Cannot read IP mode file for STMicroelectronics.X-CUBE-BLE1.6.2.3
2022-12-19 13:09:56,128 [WARN] PackLoader:242 - Cannot read IP mode file for STMicroelectronics.X-CUBE-BLE1.6.2.4
2022-12-19 13:09:56,160 [WARN] PackLoader:242 - Cannot read IP mode file for STMicroelectronics.X-CUBE-NFC4.2.0.5
2022-12-19 13:09:56,184 [WARN] PackLoader:242 - Cannot read IP mode file for STMicroelectronics.X-CUBE-NFC4.2.0.4
2022-12-19 13:09:56,232 [WARN] PackLoader:242 - Cannot read IP mode file for STMicroelectronics.X-CUBE-TOF1.3.1.0
2022-12-19 13:09:56,280 [WARN] PackLoader:242 - Cannot read IP mode file for wolfSSL.I-CUBE-wolfSSL.5.5.0
2022-12-19 13:09:56,304 [WARN] PackLoader:242 - Cannot read IP mode file for STMicroelectronics.X-CUBE-NFC7.1.0.0
2022-12-19 13:09:56,408 [WARN] PackLoader:242 - Cannot read IP mode file for STMicroelectronics.X-CUBE-MEMS1.9.3.0
2022-12-19 13:09:56,908 [WARN] PackLoader:242 - Cannot read IP mode file for STMicroelectronics.X-CUBE-AI.7.2.0
2022-12-19 13:09:56,956 [WARN] PackLoader:242 - Cannot read IP mode file for STMicroelectronics.X-CUBE-SFXS2LP1.4.0.0
2022-12-19 13:09:56,996 [WARN] PackLoader:242 - Cannot read IP mode file for STMicroelectronics.X-CUBE-BLE2.3.3.0
2022-12-19 13:09:57,060 [WARN] PackLoader:242 - Cannot read IP mode file for STMicroelectronics.X-CUBE-DISPLAY.2.2.0
2022-12-19 13:09:57,108 [WARN] PackLoader:242 - Cannot read IP mode file for STMicroelectronics.X-CUBE-TOF1.3.2.0
2022-12-19 13:09:57,212 [WARN] PackLoader:242 - Cannot read IP mode file for STMicroelectronics.X-CUBE-AZRTOS-H7.3.0.0
2022-12-19 13:09:57,252 [WARN] PackLoader:242 - Cannot read IP mode file for STMicroelectronics.X-CUBE-ISPU.1.0.0
2022-12-19 13:09:57,276 [WARN] PackLoader:242 - Cannot read IP mode file for STMicroelectronics.X-CUBE-ISPU.1.1.0
2022-12-19 13:09:57,308 [WARN] PackLoader:242 - Cannot read IP mode file for RoweBots.I-CUBE-UNISONRTOS.5.5.0-4
2022-12-19 13:09:57,372 [WARN] PackLoader:242 - Cannot read IP mode file for STMicroelectronics.X-CUBE-AZRTOS-H7.2.1.0
2022-12-19 13:09:57,404 [WARN] PackLoader:242 - Cannot read IP mode file for STMicroelectronics.X-CUBE-BLEMGR.1.0.0
2022-12-19 13:09:57,493 [WARN] PackLoader:242 - Cannot read IP mode file for STMicroelectronics.X-CUBE-MEMS1.9.4.0
2022-12-19 13:09:57,789 [WARN] PackLoader:242 - Cannot read IP mode file for STMicroelectronics.X-CUBE-AI.7.3.0
2022-12-19 13:09:57,821 [WARN] PackLoader:242 - Cannot read IP mode file for STMicroelectronics.X-CUBE-ALGOBUILD.1.3.0
2022-12-19 13:09:57,961 [WARN] PackLoader:242 - Cannot read IP mode file for STMicroelectronics.X-CUBE-AZRTOS-L5.1.1.0
2022-12-19 13:09:58,033 [WARN] PackLoader:242 - Cannot read IP mode file for STMicroelectronics.X-CUBE-AZRTOS-G0.1.1.0
2022-12-19 13:09:58,081 [WARN] PackLoader:242 - Cannot read IP mode file for STMicroelectronics.X-CUBE-SUBG2.5.0.0
2022-12-19 13:09:58,170 [WARN] PackLoader:242 - Cannot read IP mode file for SEGGER.I-CUBE-embOS.1.2.0
2022-12-19 13:09:58,297 [WARN] PackLoader:242 - Cannot read IP mode file for STMicroelectronics.FP-ATR-ASTRA1.1.1.1
2022-12-19 13:09:58,329 [WARN] PackLoader:242 - Cannot read IP mode file for STMicroelectronics.X-CUBE-BLEMGR.1.3.0
2022-12-19 13:09:58,402 [WARN] PackLoader:242 - Cannot read IP mode file for STMicroelectronics.X-CUBE-AZRTOS-G4.1.0.0
2022-12-19 13:09:58,426 [WARN] PackLoader:242 - Cannot read IP mode file for STMicroelectronics.FP-ATR-SIGFOX1.3.2.0
2022-12-19 13:09:58,474 [WARN] PackLoader:242 - Cannot read IP mode file for STMicroelectronics.X-CUBE-AZRTOS-L4.1.0.0
2022-12-19 13:09:58,506 [WARN] PackLoader:242 - Cannot read IP mode file for emotas.I-CUBE-CANOPEN.1.1.2
2022-12-19 13:09:58,538 [WARN] PackLoader:242 - Cannot read IP mode file for STMicroelectronics.X-CUBE-TOUCHGFX.4.20.0
2022-12-19 13:09:58,594 [WARN] PackLoader:242 - Cannot read IP mode file for STMicroelectronics.X-CUBE-AZRTOS-WL.1.0.0
2022-12-19 13:09:58,618 [WARN] PackLoader:242 - Cannot read IP mode file for portGmbH.I-Cube-SoM-uGOAL.1.1.0
2022-12-19 13:09:58,642 [WARN] PackLoader:242 - Cannot read IP mode file for STMicroelectronics.X-CUBE-ALS.1.0.1
2022-12-19 13:09:58,690 [WARN] PackLoader:242 - Cannot read IP mode file for STMicroelectronics.X-CUBE-AZRTOS-WB.1.1.0
2022-12-19 13:09:58,738 [WARN] PackLoader:242 - Cannot read IP mode file for STMicroelectronics.X-CUBE-AZRTOS-L5.1.0.0
2022-12-19 13:09:58,770 [WARN] PackLoader:242 - Cannot read IP mode file for STMicroelectronics.X-CUBE-EEPRMA1.3.1.1
2022-12-19 13:09:58,770 [INFO] ThirdParty:929 - Integrity check success = true
2022-12-19 13:09:58,778 [INFO] IntegrityCheckThread:98 - exiting critical section [integrity check]
2022-12-19 13:09:58,778 [INFO] IntegrityCheckThread:101 - End integrity checks thread
2022-12-19 13:09:58,778 [INFO] ThirdParty:829 - entering critical section [close project]
2022-12-19 13:09:58,778 [INFO] ThirdParty:839 - exiting critical section [close project]
2022-12-19 13:09:58,786 [INFO] PinOutPanel:1468 - setPackage(No Configuration,No Configuration)
2022-12-19 13:09:58,802 [INFO] UtilMem:74 - Begin LoadConfig() Used Memory: 237170896 Bytes (300941312)
2022-12-19 13:09:58,802 [INFO] MicroXplorer:451 - Change Database Path : 
2022-12-19 13:09:58,802 [INFO] MicroXplorer:481 - Change Database Version : DB.6.0.60
2022-12-19 13:09:58,802 [INFO] OpenFileManager:307 - Change cursor
2022-12-19 13:09:58,922 [INFO] Mcu:1922 - Initializing MCU STM32F767ZITx STM32F767ZITx STM32F767ZIT6
2022-12-19 13:10:06,335 [INFO] Context:654 - Trying to add GPIOservice into a context  which must be forbidden
2022-12-19 13:10:08,136 [WARN] ApiManager:308 - Cannot register API 'Board Extension:GNSS1A1' from pack STMicroelectronics.X-CUBE-GNSS1.6.0.0: no header file found
2022-12-19 13:10:08,136 [WARN] ApiManager:308 - Cannot register API 'Board Support:Custom' from pack STMicroelectronics.X-CUBE-GNSS1.6.0.0: no header file found
2022-12-19 13:10:08,136 [WARN] ApiManager:308 - Cannot register API 'Data Exchange:lib_gnss' from pack STMicroelectronics.X-CUBE-GNSS1.6.0.0: no header file found
2022-12-19 13:10:08,460 [WARN] ApiManager:308 - Cannot register API 'Board Extension:IKS01A3' from pack STMicroelectronics.X-CUBE-MEMS1.9.4.0: no header file found
2022-12-19 13:10:08,460 [WARN] ApiManager:308 - Cannot register API 'Board Extension:IKS01A2' from pack STMicroelectronics.X-CUBE-MEMS1.9.4.0: no header file found
2022-12-19 13:10:08,460 [WARN] ApiManager:308 - Cannot register API 'Board Extension:IKS02A1' from pack STMicroelectronics.X-CUBE-MEMS1.9.4.0: no header file found
2022-12-19 13:10:08,484 [WARN] ApiManager:308 - Cannot register API 'Wireless:BlueNRG-MS' from pack STMicroelectronics.X-CUBE-BLE1.6.2.3: no header file found
2022-12-19 13:10:08,492 [WARN] ApiManager:308 - Cannot register API 'Wireless:BlueNRG-MS' from pack STMicroelectronics.X-CUBE-BLE1.6.2.4: no header file found
2022-12-19 13:10:08,500 [INFO] RtosManager:488 - Registered RTOS mode: class=CMSIS, group=RTOS, mode=CMSIS_V1, owner=FREERTOS
2022-12-19 13:10:08,500 [INFO] RtosManager:488 - Registered RTOS mode: class=CMSIS, group=RTOS2, mode=CMSIS_V2, owner=FREERTOS
2022-12-19 13:10:08,500 [INFO] RtosManager:488 - Registered RTOS mode: class=RTOS, group=Core, mode=CMSIS_V1, owner=FREERTOS
2022-12-19 13:10:08,500 [INFO] RtosManager:488 - Registered RTOS mode: class=RTOS, group=Core, mode=CMSIS_V2, owner=FREERTOS
2022-12-19 13:10:08,500 [WARN] ModelIntegratedComponent:185 - Missing modes for component STMicroelectronics:FreeRTOS:0.0.1:STMicroelectronics:RTOS:FreeRTOS:Core:::10.2.0:
2022-12-19 13:10:08,516 [WARN] ApiManager:308 - Cannot register API 'Board Extension:S2868A1' from pack STMicroelectronics.X-CUBE-SUBG2.5.0.0: no header file found
2022-12-19 13:10:08,516 [WARN] ApiManager:308 - Cannot register API 'Board Extension:S2868A2' from pack STMicroelectronics.X-CUBE-SUBG2.5.0.0: no header file found
2022-12-19 13:10:08,516 [WARN] ApiManager:308 - Cannot register API 'Board Extension:S2915A1' from pack STMicroelectronics.X-CUBE-SUBG2.5.0.0: no header file found
2022-12-19 13:10:08,540 [WARN] ApiManager:308 - Cannot register API 'Board Extension:NFC04A1' from pack STMicroelectronics.X-CUBE-NFC4.2.0.5: no header file found
2022-12-19 13:10:08,540 [WARN] ApiManager:308 - Cannot register API 'Board Extension:NFC04A1' from pack STMicroelectronics.X-CUBE-NFC4.2.0.4: no header file found
2022-12-19 13:10:08,564 [WARN] ModelIntegratedComponent:64 - No mode defined for component null
2022-12-19 13:10:08,564 [WARN] ModelIntegratedComponent:64 - No mode defined for component null
2022-12-19 13:10:08,564 [WARN] ModelIntegratedComponent:64 - No mode defined for component null
2022-12-19 13:10:08,564 [WARN] ModelIntegratedComponent:64 - No mode defined for component null
2022-12-19 13:10:08,564 [WARN] ModelIntegratedComponent:64 - No mode defined for component null
2022-12-19 13:10:08,564 [WARN] ModelIntegratedComponent:64 - No mode defined for component null
2022-12-19 13:10:08,564 [WARN] ModelIntegratedComponent:64 - No mode defined for component null
2022-12-19 13:10:08,564 [WARN] ModelIntegratedComponent:64 - No mode defined for component null
2022-12-19 13:10:08,572 [WARN] ModelIntegratedComponent:64 - No mode defined for component null
2022-12-19 13:10:08,572 [WARN] ModelIntegratedComponent:64 - No mode defined for component null
2022-12-19 13:10:08,572 [WARN] ModelIntegratedComponent:64 - No mode defined for component null
2022-12-19 13:10:08,572 [WARN] ModelIntegratedComponent:64 - No mode defined for component null
2022-12-19 13:10:08,572 [WARN] ModelIntegratedComponent:64 - No mode defined for component null
2022-12-19 13:10:08,572 [WARN] ModelIntegratedComponent:64 - No mode defined for component null
2022-12-19 13:10:08,572 [WARN] ModelIntegratedComponent:64 - No mode defined for component null
2022-12-19 13:10:08,572 [WARN] ModelIntegratedComponent:64 - No mode defined for component null
2022-12-19 13:10:08,572 [WARN] ModelIntegratedComponent:64 - No mode defined for component null
2022-12-19 13:10:08,572 [WARN] ModelIntegratedComponent:64 - No mode defined for component null
2022-12-19 13:10:08,572 [WARN] ModelIntegratedComponent:64 - No mode defined for component null
2022-12-19 13:10:08,572 [WARN] ModelIntegratedComponent:64 - No mode defined for component null
2022-12-19 13:10:08,572 [WARN] ModelIntegratedComponent:64 - No mode defined for component null
2022-12-19 13:10:08,572 [WARN] ModelIntegratedComponent:64 - No mode defined for component null
2022-12-19 13:10:08,572 [WARN] ModelIntegratedComponent:64 - No mode defined for component null
2022-12-19 13:10:08,572 [WARN] ModelIntegratedComponent:64 - No mode defined for component null
2022-12-19 13:10:08,572 [WARN] ModelIntegratedComponent:64 - No mode defined for component null
2022-12-19 13:10:08,572 [WARN] ModelIntegratedComponent:64 - No mode defined for component null
2022-12-19 13:10:08,572 [WARN] ModelIntegratedComponent:64 - No mode defined for component null
2022-12-19 13:10:08,572 [WARN] ModelIntegratedComponent:64 - No mode defined for component null
2022-12-19 13:10:08,572 [WARN] ModelIntegratedComponent:64 - No mode defined for component null
2022-12-19 13:10:08,572 [WARN] ModelIntegratedComponent:64 - No mode defined for component null
2022-12-19 13:10:08,572 [WARN] ModelIntegratedComponent:64 - No mode defined for component null
2022-12-19 13:10:08,572 [WARN] ModelIntegratedComponent:64 - No mode defined for component null
2022-12-19 13:10:08,572 [WARN] ModelIntegratedComponent:64 - No mode defined for component null
2022-12-19 13:10:08,580 [WARN] ApiManager:308 - Cannot register API 'Board Extension:NFC07A1' from pack STMicroelectronics.X-CUBE-NFC7.1.0.0: no header file found
2022-12-19 13:10:08,849 [WARN] ApiManager:308 - Cannot register API 'Board Extension:IKS01A3' from pack STMicroelectronics.X-CUBE-MEMS1.9.3.0: no header file found
2022-12-19 13:10:08,849 [WARN] ApiManager:308 - Cannot register API 'Board Extension:IKS01A2' from pack STMicroelectronics.X-CUBE-MEMS1.9.3.0: no header file found
2022-12-19 13:10:08,849 [WARN] ApiManager:308 - Cannot register API 'Board Extension:IKS02A1' from pack STMicroelectronics.X-CUBE-MEMS1.9.3.0: no header file found
2022-12-19 13:10:08,873 [WARN] ApiManager:308 - Cannot register API 'Board Extension:EEPRMA1' from pack STMicroelectronics.X-CUBE-EEPRMA1.3.1.1: no header file found
2022-12-19 13:10:08,873 [WARN] ApiManager:308 - Cannot register API 'Board Extension:EEPRMA2' from pack STMicroelectronics.X-CUBE-EEPRMA1.3.1.1: no header file found
2022-12-19 13:10:08,873 [WARN] ApiManager:308 - Cannot register API 'Board Extension:S2868A1' from pack STMicroelectronics.X-CUBE-SFXS2LP1.4.0.0: no header file found
2022-12-19 13:10:08,873 [WARN] ApiManager:308 - Cannot register API 'Board Extension:S2868A2' from pack STMicroelectronics.X-CUBE-SFXS2LP1.4.0.0: no header file found
2022-12-19 13:10:08,873 [WARN] ApiManager:308 - Cannot register API 'Board Extension:S2915A1' from pack STMicroelectronics.X-CUBE-SFXS2LP1.4.0.0: no header file found
2022-12-19 13:10:08,873 [WARN] ApiManager:308 - Cannot register API 'Wireless:BlueNRG-2' from pack STMicroelectronics.X-CUBE-BLE2.3.3.0: no header file found
2022-12-19 13:10:08,961 [INFO] ThirdPartyModel:289 - Start build external matchings
2022-12-19 13:10:09,579 [INFO] ThirdPartyModel:302 - End build external matchings
2022-12-19 13:10:09,618 [INFO] RtosManager:801 - Current active RTOS is FREERTOS [Cortex-M7NS]
2022-12-19 13:10:09,650 [INFO] ImportTextPane:193 - (OptionalMessage_ERROR) IP (DMA) : Parameter (Instance) has Id (UART7_RX) currently not set
2022-12-19 13:10:09,650 [INFO] ImportTextPane:193 - (OptionalMessage_ERROR) IP (DMA) : Parameter (Channel) has Id (UART7_RX) currently not set
2022-12-19 13:10:09,650 [INFO] ImportTextPane:193 - (OptionalMessage_ERROR) IP (DMA) : Parameter (Direction) has Id (UART7_RX) currently not set
2022-12-19 13:10:09,650 [INFO] ImportTextPane:193 - (OptionalMessage_ERROR) IP (DMA) : Parameter (PeriphInc) has Id (UART7_RX) currently not set
2022-12-19 13:10:09,650 [INFO] ImportTextPane:193 - (OptionalMessage_ERROR) IP (DMA) : Parameter (MemInc) has Id (UART7_RX) currently not set
2022-12-19 13:10:09,650 [INFO] ImportTextPane:193 - (OptionalMessage_ERROR) IP (DMA) : Parameter (PeriphDataAlignment) has Id (UART7_RX) currently not set
2022-12-19 13:10:09,658 [INFO] ImportTextPane:193 - (OptionalMessage_ERROR) IP (DMA) : Parameter (MemDataAlignment) has Id (UART7_RX) currently not set
2022-12-19 13:10:09,658 [INFO] ImportTextPane:193 - (OptionalMessage_ERROR) IP (DMA) : Parameter (Mode) has Id (UART7_RX) currently not set
2022-12-19 13:10:09,658 [INFO] ImportTextPane:193 - (OptionalMessage_ERROR) IP (DMA) : Parameter (Priority) has Id (UART7_RX) currently not set
2022-12-19 13:10:09,658 [INFO] ImportTextPane:193 - (OptionalMessage_ERROR) IP (DMA) : Parameter (FIFOMode) has Id (UART7_RX) currently not set
2022-12-19 13:10:09,682 [INFO] ImportTextPane:193 - (OptionalMessage_ERROR) IP (RCC) : Invalid parameter (48MHZClocksFreq_Value)
2022-12-19 13:10:09,682 [INFO] ImportTextPane:193 - (OptionalMessage_ERROR) IP (RCC) : Invalid parameter (ADC12outputFreq_Value)
2022-12-19 13:10:09,682 [INFO] ImportTextPane:193 - (OptionalMessage_ERROR) IP (RCC) : Invalid parameter (ADC34outputFreq_Value)
2022-12-19 13:10:09,690 [INFO] ImportTextPane:193 - (OptionalMessage_ERROR) IP (RCC) : Invalid parameter (FamilyName)
2022-12-19 13:10:09,690 [INFO] ImportTextPane:193 - (OptionalMessage_ERROR) IP (RCC) : Invalid parameter (I2SClocksFreq_Value)
2022-12-19 13:10:09,690 [INFO] ImportTextPane:193 - (OptionalMessage_ERROR) IP (RCC) : Invalid parameter (LCDTFToutputFreq_Value)
2022-12-19 13:10:09,690 [INFO] ImportTextPane:193 - (OptionalMessage_ERROR) IP (RCC) : Invalid parameter (MCOFreq_Value)
2022-12-19 13:10:09,690 [INFO] ImportTextPane:193 - (OptionalMessage_ERROR) IP (RCC) : Invalid parameter (PLLMCOFreq_Value)
2022-12-19 13:10:09,690 [INFO] ImportTextPane:193 - (OptionalMessage_ERROR) IP (RCC) : Invalid parameter (PLLMUL)
2022-12-19 13:10:09,690 [INFO] ImportTextPane:193 - (OptionalMessage_ERROR) IP (RCC) : Invalid parameter (PRESCALERUSB)
2022-12-19 13:10:09,690 [INFO] ImportTextPane:193 - (OptionalMessage_ERROR) IP (RCC) : Invalid parameter (RTCHSEDivFreq_Value)
2022-12-19 13:10:09,690 [INFO] ImportTextPane:193 - (OptionalMessage_ERROR) IP (RCC) : Parameter (SDMMC2Freq_Value) has invalid value (96000000)
2022-12-19 13:10:09,690 [INFO] ImportTextPane:193 - (OptionalMessage_ERROR) IP (RCC) : Parameter (SDMMCFreq_Value) has invalid value (96000000)
2022-12-19 13:10:09,690 [INFO] ImportTextPane:193 - (OptionalMessage_ERROR) IP (RCC) : Invalid parameter (SYSCLKSourceVirtual)
2022-12-19 13:10:09,690 [INFO] ImportTextPane:193 - (OptionalMessage_ERROR) IP (RCC) : Invalid parameter (TIM15Freq_Value)
2022-12-19 13:10:09,690 [INFO] ImportTextPane:193 - (OptionalMessage_ERROR) IP (RCC) : Invalid parameter (TIM16Freq_Value)
2022-12-19 13:10:09,698 [INFO] ImportTextPane:193 - (OptionalMessage_ERROR) IP (RCC) : Invalid parameter (TIM17Freq_Value)
2022-12-19 13:10:09,698 [INFO] ImportTextPane:193 - (OptionalMessage_ERROR) IP (RCC) : Invalid parameter (TIM1Freq_Value)
2022-12-19 13:10:09,698 [INFO] ImportTextPane:193 - (OptionalMessage_ERROR) IP (RCC) : Invalid parameter (TIM20Freq_Value)
2022-12-19 13:10:09,698 [INFO] ImportTextPane:193 - (OptionalMessage_ERROR) IP (RCC) : Invalid parameter (TIM2Freq_Value)
2022-12-19 13:10:09,698 [INFO] ImportTextPane:193 - (OptionalMessage_ERROR) IP (RCC) : Invalid parameter (TIM3Freq_Value)
2022-12-19 13:10:09,698 [INFO] ImportTextPane:193 - (OptionalMessage_ERROR) IP (RCC) : Invalid parameter (TIM8Freq_Value)
2022-12-19 13:10:09,698 [INFO] ImportTextPane:193 - (OptionalMessage_ERROR) IP (RCC) : Invalid parameter (VCOOutput2Freq_Value)
2022-12-19 13:10:09,698 [INFO] ImportTextPane:193 - (OptionalMessage_ERROR) IP (RCC) : Invalid parameter (VcooutputI2S)
2022-12-19 13:10:11,276 [INFO] UtilMem:74 - End LoadConfig() Used Memory: 333072384 Bytes (429916160)
2022-12-19 13:10:11,588 [INFO] ApiDb:576 - Connected to CubeFinder SQLite database (C:\Users\fredr\.stmcufinder\plugins\mcufinder\mcu\cube-finder-db.db)
2022-12-19 13:10:11,676 [INFO] ApiDb:663 - CubeFinder database Data Model version=2.1
2022-12-19 13:10:11,676 [INFO] ApiDb:664 - CubeFinder database Configuration version=3.0.32
2022-12-19 13:10:11,684 [INFO] ApiDb:665 - CubeFinder database generation date=2022-08-05 (1659688109)
2022-12-19 13:10:11,684 [INFO] ApiDb:666 - CubeFinder database FW Pack versions=[STM32Cube_FW_C0_V1.0.0, STM32Cube_FW_F4_V1.27.1, STM32Cube_FW_F7_V1.17.0, STM32Cube_FW_G0_V1.6.1, STM32Cube_FW_G4_V1.5.0, STM32Cube_FW_H7_V1.10.0, STM32Cube_FW_L5_V1.4.0, STM32Cube_FW_U5_V1.1.1, STM32Cube_FW_WB_V1.14.1, STM32Cube_FW_WL_V1.2.0, X-CUBE-ALGOBUILD_V1.3.0, X-CUBE-ALS_V1.0.1, X-CUBE-AZRTOS-F4_V1.1.0, X-CUBE-AZRTOS-F7_V1.1.0, X-CUBE-AZRTOS-G0_V1.1.0, X-CUBE-AZRTOS-G4_V1.0.0, X-CUBE-AZRTOS-H7_V2.1.0, X-CUBE-AZRTOS-L4_V1.0.0, X-CUBE-AZRTOS-L5_V1.0.0, X-CUBE-AZRTOS-WL_V1.0.0, X-CUBE-BLE1_V6.2.3, X-CUBE-BLE2_V3.3.0, X-CUBE-EEPRMA1_V3.1.1, X-CUBE-GNSS1_V6.0.0, X-CUBE-MEMS1_V9.1.0, X-CUBE-MEMS1_V9.3.0, X-CUBE-NFC4_V2.0.4, X-CUBE-NFC7_V1.0.0, X-CUBE-SFXS2LP1_V4.0.0, X-CUBE-SUBG2_V5.0.0]
2022-12-19 13:10:15,365 [INFO] ApiDb:239 - Found 138 in-development CPN: [B-WB1M-WPAN1, NUCLEO-C031C6, STEVAL-STWINBX1, STM320518-EVAL, STM32C0116-DK, STM32C011D6Y3TR, STM32C011D6Y6TR, STM32C011F4P3, STM32C011F4P6, STM32C011F4U3, STM32C011F4U6TR, STM32C011F6P3, STM32C011F6P6, STM32C011F6U3, STM32C011F6U6TR, STM32C011J4M3, STM32C011J4M6, STM32C011J6M3, STM32C011J6M6, STM32C0316-DK, STM32C031C4T3, STM32C031C4T6, STM32C031C4U3, STM32C031C4U6, STM32C031C6T3, STM32C031C6T6, STM32C031C6U3, STM32C031C6U6, STM32C031F4P3, STM32C031F4P6, STM32C031F6P3, STM32C031F6P6, STM32C031G4U3, STM32C031G4U6, STM32C031G6U3, STM32C031G6U6, STM32C031K4T3, STM32C031K4T6, STM32C031K4U3, STM32C031K4U6, STM32C031K6T3, STM32C031K6T6, STM32C031K6U3, STM32C031K6U6, STM32G071K8TXN, STM32G071K8UXN, STM32G081GBU6N, STM32G081KBT6N, STM32G081KBUXN, STM32G0B1CCT6N, STM32G0B1KCT6, STM32G0B1NEY6TR, STM32G0B1RCT6N, STM32G0C1CCT6, STM32G0C1CCT6N, STM32G0C1CCU6N, STM32G0C1CET6N, STM32G0C1CEU6N, STM32G0C1KCT6, STM32G0C1NEY6TR, STM32G0C1RCI6N, STM32G0C1RCT6N, STM32G0C1REI6N, STM32G0C1RET6N, STM32G0C1VCI6, STM32G0C1VEI6, STM32G471CCT6, STM32G471CCU6, STM32G471CET3, STM32G471CET6, STM32G471CEU3, STM32G471CEU6, STM32G471MCT6, STM32G471MET3, STM32G471MET6, STM32G471MEY6TR, STM32G471QCT6, STM32G471QET3, STM32G471RCT6, STM32G471RET3, STM32G471RET6, STM32G471VCH6, STM32G471VCI6, STM32G471VCT6, STM32G471VEH3, STM32G471VEH6, STM32G471VEI3, STM32G471VEI6, STM32G471VET3, STM32G471VET6, STM32G474CCT6, STM32L476VGY6PTR, STM32L4R5QGI6STR, STM32MP131AAE3, STM32MP131AAF3, STM32MP131AAG3, STM32MP131CAE3, STM32MP131CAF3, STM32MP131CAG3, STM32MP131DAE7, STM32MP131DAF7, STM32MP131DAG7, STM32MP131FAE7, STM32MP131FAF7, STM32MP131FAG7, STM32MP133AAE3, STM32MP133AAF3, STM32MP133AAG3, STM32MP133CAE3, STM32MP133CAF3, STM32MP133CAG3, STM32MP133DAE7, STM32MP133DAF7, STM32MP133DAG7, STM32MP133FAE7, STM32MP133FAF7, STM32MP133FAG7, STM32MP135AAE3, STM32MP135AAF3, STM32MP135AAG3, STM32MP135CAE3, STM32MP135CAF3, STM32MP135CAG3, STM32MP135DAE7, STM32MP135DAF7, STM32MP135DAG7, STM32MP135F-DK, STM32MP135FAE7, STM32MP135FAF7, STM32MP135FAG7, STM32U595ZJT6Q, STM32U599BJY6QTR, STM32U599NIH6Q, STM32U599NJH6Q, STM32U5A5ZJT6Q, STM32U5A9BJY6QTR, STM32U5A9NJH6Q, STM32WB1MMCH6]
2022-12-19 13:10:15,365 [INFO] DbMcus:215 - Found 3542 MCUs, 3542 are supported
2022-12-19 13:10:15,373 [INFO] ApiDb:418 - Load user favorites file C:\Users\fredr/.stm32cubeide/favorites.mcus.txt: 0 item(s)
2022-12-19 13:10:15,373 [INFO] ApiDb:422 - User favorites MCUs=[]
2022-12-19 13:10:15,373 [INFO] DbMcus:221 - Set 0 / 0 favorites MCUs
2022-12-19 13:10:15,429 [WARN] ThirdParty:789 - waiting for thirdparty lock release [change project]
2022-12-19 13:10:15,429 [INFO] ThirdParty:791 - entering critical section [change project]
2022-12-19 13:10:15,429 [INFO] ThirdParty:981 - CMSIS Pack Vendor :STMicroelectronics X-CUBE-ISPU 1.1.0
2022-12-19 13:10:15,429 [INFO] ThirdParty:981 - CMSIS Pack Vendor :RoweBots I-CUBE-UNISONRTOS 5.5.0-4
2022-12-19 13:10:15,429 [INFO] ThirdParty:981 - CMSIS Pack Vendor :STMicroelectronics X-CUBE-GNSS1 6.0.0
2022-12-19 13:10:15,429 [INFO] ThirdParty:981 - CMSIS Pack Vendor :STMicroelectronics X-CUBE-AZRTOS-H7 2.1.0
2022-12-19 13:10:15,429 [INFO] ThirdParty:981 - CMSIS Pack Vendor :STMicroelectronics USB_HOST 2.0.0
2022-12-19 13:10:15,429 [INFO] ThirdParty:981 - CMSIS Pack Vendor :STMicroelectronics X-CUBE-AZRTOS-F4 1.1.0
2022-12-19 13:10:15,429 [INFO] ThirdParty:981 - CMSIS Pack Vendor :STMicroelectronics LIBJPEG 8.0.0
2022-12-19 13:10:15,429 [INFO] ThirdParty:981 - CMSIS Pack Vendor :STMicroelectronics USB_DEVICE 3.0.0
2022-12-19 13:10:15,429 [INFO] ThirdParty:981 - CMSIS Pack Vendor :STMicroelectronics X-CUBE-BLEMGR 1.0.0
2022-12-19 13:10:15,429 [INFO] ThirdParty:981 - CMSIS Pack Vendor :STMicroelectronics X-CUBE-BLEMGR 1.2.0
2022-12-19 13:10:15,429 [INFO] ThirdParty:981 - CMSIS Pack Vendor :STMicroelectronics X-CUBE-AZRTOS-F7 1.1.0
2022-12-19 13:10:15,429 [INFO] ThirdParty:981 - CMSIS Pack Vendor :STMicroelectronics X-CUBE-MEMS1 9.4.0
2022-12-19 13:10:15,429 [INFO] ThirdParty:981 - CMSIS Pack Vendor :STMicroelectronics USB_DEVICE 2.0.0
2022-12-19 13:10:15,429 [INFO] ThirdParty:981 - CMSIS Pack Vendor :STMicroelectronics X-CUBE-AI 7.3.0
2022-12-19 13:10:15,429 [INFO] ThirdParty:981 - CMSIS Pack Vendor :STMicroelectronics X-CUBE-BLE1 6.2.3
2022-12-19 13:10:15,429 [INFO] ThirdParty:981 - CMSIS Pack Vendor :STMicroelectronics X-CUBE-ALGOBUILD 1.3.0
2022-12-19 13:10:15,429 [INFO] ThirdParty:981 - CMSIS Pack Vendor :STMicroelectronics X-CUBE-BLE1 6.2.4
2022-12-19 13:10:15,429 [INFO] ThirdParty:981 - CMSIS Pack Vendor :STMicroelectronics X-CUBE-AZRTOS-L5 1.1.0
2022-12-19 13:10:15,429 [INFO] ThirdParty:981 - CMSIS Pack Vendor :STMicroelectronics FreeRTOS 0.0.1
2022-12-19 13:10:15,429 [INFO] ThirdParty:981 - CMSIS Pack Vendor :STMicroelectronics X-CUBE-AZRTOS-G0 1.1.0
2022-12-19 13:10:15,429 [INFO] ThirdParty:981 - CMSIS Pack Vendor :STMicroelectronics X-CUBE-SUBG2 5.0.0
2022-12-19 13:10:15,429 [INFO] ThirdParty:981 - CMSIS Pack Vendor :SEGGER I-CUBE-embOS 1.2.0
2022-12-19 13:10:15,429 [INFO] ThirdParty:981 - CMSIS Pack Vendor :STMicroelectronics STM32_WPAN 1.0.0
2022-12-19 13:10:15,429 [INFO] ThirdParty:981 - CMSIS Pack Vendor :STMicroelectronics lwIP 2.0.3
2022-12-19 13:10:15,429 [INFO] ThirdParty:981 - CMSIS Pack Vendor :STMicroelectronics X-CUBE-NFC4 2.0.5
2022-12-19 13:10:15,429 [INFO] ThirdParty:981 - CMSIS Pack Vendor :STMicroelectronics X-CUBE-NFC4 2.0.4
2022-12-19 13:10:15,429 [INFO] ThirdParty:981 - CMSIS Pack Vendor :STMicroelectronics USB_HOST 1.0.0
2022-12-19 13:10:15,429 [INFO] ThirdParty:981 - CMSIS Pack Vendor :STMicroelectronics PDM2PCM 3.1.0
2022-12-19 13:10:15,429 [INFO] ThirdParty:981 - CMSIS Pack Vendor :STMicroelectronics FP-ATR-ASTRA1 1.1.1
2022-12-19 13:10:15,429 [INFO] ThirdParty:981 - CMSIS Pack Vendor :STMicroelectronics PDM2PCM 3.3.0
2022-12-19 13:10:15,429 [INFO] ThirdParty:981 - CMSIS Pack Vendor :STMicroelectronics X-CUBE-TOF1 3.1.0
2022-12-19 13:10:15,429 [INFO] ThirdParty:981 - CMSIS Pack Vendor :STMicroelectronics X-CUBE-BLEMGR 1.3.0
2022-12-19 13:10:15,429 [INFO] ThirdParty:981 - CMSIS Pack Vendor :STMicroelectronics X-CUBE-AZRTOS-G4 1.0.0
2022-12-19 13:10:15,429 [INFO] ThirdParty:981 - CMSIS Pack Vendor :STMicroelectronics FP-ATR-SIGFOX1 3.2.0
2022-12-19 13:10:15,429 [INFO] ThirdParty:981 - CMSIS Pack Vendor :STMicroelectronics X-CUBE-AZRTOS-L4 1.0.0
2022-12-19 13:10:15,429 [INFO] ThirdParty:981 - CMSIS Pack Vendor :wolfSSL I-CUBE-wolfSSL 5.5.0
2022-12-19 13:10:15,429 [INFO] ThirdParty:981 - CMSIS Pack Vendor :STMicroelectronics HAL Drivers 0.0.0
2022-12-19 13:10:15,429 [INFO] ThirdParty:981 - CMSIS Pack Vendor :STMicroelectronics MBEDTLS 2.16.2
2022-12-19 13:10:15,429 [INFO] ThirdParty:981 - CMSIS Pack Vendor :emotas I-CUBE-CANOPEN 1.1.2
2022-12-19 13:10:15,429 [INFO] ThirdParty:981 - CMSIS Pack Vendor :STMicroelectronics X-CUBE-TOUCHGFX 4.20.0
2022-12-19 13:10:15,429 [INFO] ThirdParty:981 - CMSIS Pack Vendor :STMicroelectronics MBEDTLS 2.14.1
2022-12-19 13:10:15,429 [INFO] ThirdParty:981 - CMSIS Pack Vendor :STMicroelectronics X-CUBE-NFC7 1.0.0
2022-12-19 13:10:15,429 [INFO] ThirdParty:981 - CMSIS Pack Vendor :STMicroelectronics X-CUBE-AZRTOS-WL 1.0.0
2022-12-19 13:10:15,429 [INFO] ThirdParty:981 - CMSIS Pack Vendor :STMicroelectronics X-CUBE-MEMS1 9.3.0
2022-12-19 13:10:15,429 [INFO] ThirdParty:981 - CMSIS Pack Vendor :portGmbH I-Cube-SoM-uGOAL 1.1.0
2022-12-19 13:10:15,429 [INFO] ThirdParty:981 - CMSIS Pack Vendor :STMicroelectronics X-CUBE-ALS 1.0.1
2022-12-19 13:10:15,429 [INFO] ThirdParty:981 - CMSIS Pack Vendor :STMicroelectronics X-CUBE-AI 7.2.0
2022-12-19 13:10:15,429 [INFO] ThirdParty:981 - CMSIS Pack Vendor :STMicroelectronics ThreadX 1.0.0
2022-12-19 13:10:15,429 [INFO] ThirdParty:981 - CMSIS Pack Vendor :STMicroelectronics X-CUBE-AZRTOS-WB 1.1.0
2022-12-19 13:10:15,429 [INFO] ThirdParty:981 - CMSIS Pack Vendor :STMicroelectronics X-CUBE-AZRTOS-L5 1.0.0
2022-12-19 13:10:15,429 [INFO] ThirdParty:981 - CMSIS Pack Vendor :STMicroelectronics USB_DEVICE 1.0.0
2022-12-19 13:10:15,429 [INFO] ThirdParty:981 - CMSIS Pack Vendor :STMicroelectronics X-CUBE-EEPRMA1 3.1.1
2022-12-19 13:10:15,429 [INFO] ThirdParty:981 - CMSIS Pack Vendor :STMicroelectronics ThreadX 0.0.2
2022-12-19 13:10:15,429 [INFO] ThirdParty:981 - CMSIS Pack Vendor :STMicroelectronics lwIP 2.1.2
2022-12-19 13:10:15,429 [INFO] ThirdParty:981 - CMSIS Pack Vendor :STMicroelectronics X-CUBE-SFXS2LP1 4.0.0
2022-12-19 13:10:15,429 [INFO] ThirdParty:981 - CMSIS Pack Vendor :STMicroelectronics X-CUBE-BLE2 3.3.0
2022-12-19 13:10:15,429 [INFO] ThirdParty:981 - CMSIS Pack Vendor :STMicroelectronics X-CUBE-DISPLAY 2.2.0
2022-12-19 13:10:15,429 [INFO] ThirdParty:981 - CMSIS Pack Vendor :STMicroelectronics X-CUBE-TOF1 3.2.0
2022-12-19 13:10:15,429 [INFO] ThirdParty:981 - CMSIS Pack Vendor :STMicroelectronics PDM2PCM 3.2.0
2022-12-19 13:10:15,429 [INFO] ThirdParty:981 - CMSIS Pack Vendor :STMicroelectronics X-CUBE-AZRTOS-H7 3.0.0
2022-12-19 13:10:15,429 [INFO] ThirdParty:981 - CMSIS Pack Vendor :STMicroelectronics X-CUBE-ISPU 1.0.0
2022-12-19 13:10:15,429 [INFO] ThirdParty:797 - exiting critical section [change project]
2022-12-19 13:10:16,956 [INFO] PinOutPanel:1468 - setPackage(No Configuration,No Configuration)
2022-12-19 13:10:16,964 [INFO] PinOutPanel:1468 - setPackage(STM32F767ZITx,LQFP144)
2022-12-19 13:10:19,245 [INFO] UtilMem:74 - Before build in PCC Used Memory: 325025272 Bytes (429916160)
2022-12-19 13:10:21,337 [INFO] UtilMem:74 - After build in PCC Used Memory: 303156056 Bytes (429916160)
2022-12-19 13:10:21,553 [INFO] ApiDbMcu:505 - Load IP Config File for FREERTOS
2022-12-19 13:10:21,609 [INFO] ApiDbMcu:505 - Load IP Config File for USB_DEVICE
2022-12-19 13:10:21,697 [INFO] IPUIPlugin:79 - create IPUIPlugin
2022-12-19 13:10:21,697 [INFO] IPUIPlugin:79 - create IPUIPlugin
2022-12-19 13:10:21,697 [INFO] IPUIPlugin:79 - create IPUIPlugin
2022-12-19 13:10:21,697 [INFO] IPUIPlugin:79 - create IPUIPlugin
2022-12-19 13:10:21,697 [INFO] IPUIPlugin:79 - create IPUIPlugin
2022-12-19 13:10:21,697 [INFO] IPUIPlugin:79 - create IPUIPlugin
2022-12-19 13:10:21,705 [INFO] IPUIPlugin:79 - create IPUIPlugin
2022-12-19 13:10:21,705 [INFO] IPUIPlugin:79 - create IPUIPlugin
2022-12-19 13:10:21,705 [INFO] IPUIPlugin:79 - create IPUIPlugin
2022-12-19 13:10:21,705 [INFO] IPUIPlugin:79 - create IPUIPlugin
2022-12-19 13:10:21,705 [INFO] IPUIPlugin:79 - create IPUIPlugin
2022-12-19 13:10:21,705 [INFO] IPUIPlugin:79 - create IPUIPlugin
2022-12-19 13:10:21,705 [INFO] IPUIPlugin:79 - create IPUIPlugin
2022-12-19 13:10:21,705 [INFO] IPUIPlugin:79 - create IPUIPlugin
2022-12-19 13:10:21,705 [INFO] IPUIPlugin:79 - create IPUIPlugin
2022-12-19 13:10:21,705 [INFO] IPUIPlugin:79 - create IPUIPlugin
2022-12-19 13:10:21,705 [INFO] IPUIPlugin:79 - create IPUIPlugin
2022-12-19 13:10:21,705 [INFO] IPUIPlugin:79 - create IPUIPlugin
2022-12-19 13:10:21,705 [INFO] IPUIPlugin:79 - create IPUIPlugin
2022-12-19 13:10:21,705 [INFO] IPUIPlugin:79 - create IPUIPlugin
2022-12-19 13:10:21,705 [INFO] IPUIPlugin:79 - create IPUIPlugin
2022-12-19 13:10:21,705 [INFO] IPUIPlugin:79 - create IPUIPlugin
2022-12-19 13:10:21,705 [INFO] IPUIPlugin:79 - create IPUIPlugin
2022-12-19 13:10:21,705 [INFO] IPUIPlugin:79 - create IPUIPlugin
2022-12-19 13:10:21,713 [INFO] IPUIPlugin:79 - create IPUIPlugin
2022-12-19 13:10:21,713 [INFO] IPUIPlugin:79 - create IPUIPlugin
2022-12-19 13:10:21,713 [INFO] IPUIPlugin:79 - create IPUIPlugin
2022-12-19 13:10:21,713 [INFO] IPUIPlugin:79 - create IPUIPlugin
2022-12-19 13:10:21,713 [INFO] IPUIPlugin:79 - create IPUIPlugin
2022-12-19 13:10:21,713 [INFO] IPUIPlugin:79 - create IPUIPlugin
2022-12-19 13:10:21,713 [INFO] IPUIPlugin:79 - create IPUIPlugin
2022-12-19 13:10:21,713 [INFO] IPUIPlugin:79 - create IPUIPlugin
2022-12-19 13:10:21,713 [INFO] IPUIPlugin:79 - create IPUIPlugin
2022-12-19 13:10:21,721 [INFO] IPUIPlugin:79 - create IPUIPlugin
2022-12-19 13:10:21,721 [INFO] IPUIPlugin:79 - create IPUIPlugin
2022-12-19 13:10:21,721 [INFO] IPUIPlugin:79 - create IPUIPlugin
2022-12-19 13:10:21,721 [INFO] IPUIPlugin:79 - create IPUIPlugin
2022-12-19 13:10:21,721 [INFO] IPUIPlugin:79 - create IPUIPlugin
2022-12-19 13:10:21,721 [INFO] IPUIPlugin:79 - create IPUIPlugin
2022-12-19 13:10:21,721 [INFO] IPUIPlugin:79 - create IPUIPlugin
2022-12-19 13:10:21,721 [INFO] IPUIPlugin:79 - create IPUIPlugin
2022-12-19 13:10:21,721 [INFO] IPUIPlugin:79 - create IPUIPlugin
2022-12-19 13:10:21,729 [INFO] IPUIPlugin:79 - create IPUIPlugin
2022-12-19 13:10:21,729 [INFO] IPUIPlugin:79 - create IPUIPlugin
2022-12-19 13:10:21,729 [INFO] IPUIPlugin:79 - create IPUIPlugin
2022-12-19 13:10:21,729 [INFO] IPUIPlugin:79 - create IPUIPlugin
2022-12-19 13:10:21,729 [INFO] IPUIPlugin:79 - create IPUIPlugin
2022-12-19 13:10:21,729 [INFO] IPUIPlugin:79 - create IPUIPlugin
2022-12-19 13:10:21,729 [INFO] IPUIPlugin:79 - create IPUIPlugin
2022-12-19 13:10:21,729 [INFO] IPUIPlugin:79 - create IPUIPlugin
2022-12-19 13:10:21,729 [INFO] IPUIPlugin:79 - create IPUIPlugin
2022-12-19 13:10:21,729 [INFO] IPUIPlugin:79 - create IPUIPlugin
2022-12-19 13:10:21,729 [INFO] IPUIPlugin:79 - create IPUIPlugin
2022-12-19 13:10:21,729 [INFO] IPUIPlugin:79 - create IPUIPlugin
2022-12-19 13:10:21,729 [INFO] IPUIPlugin:79 - create IPUIPlugin
2022-12-19 13:10:21,737 [INFO] IPUIPlugin:79 - create IPUIPlugin
2022-12-19 13:10:21,737 [INFO] IPUIPlugin:79 - create IPUIPlugin
2022-12-19 13:10:21,737 [INFO] IPUIPlugin:79 - create IPUIPlugin
2022-12-19 13:10:21,737 [INFO] IPUIPlugin:79 - create IPUIPlugin
2022-12-19 13:10:21,737 [INFO] IPUIPlugin:79 - create IPUIPlugin
2022-12-19 13:10:21,737 [INFO] IPUIPlugin:79 - create IPUIPlugin
2022-12-19 13:10:21,737 [INFO] IPUIPlugin:79 - create IPUIPlugin
2022-12-19 13:10:21,737 [INFO] IPUIPlugin:79 - create IPUIPlugin
2022-12-19 13:10:21,737 [INFO] IPUIPlugin:79 - create IPUIPlugin
2022-12-19 13:10:21,737 [INFO] IPUIPlugin:79 - create IPUIPlugin
2022-12-19 13:10:21,737 [INFO] IPUIPlugin:79 - create IPUIPlugin
2022-12-19 13:10:21,737 [INFO] IPUIPlugin:79 - create IPUIPlugin
2022-12-19 13:10:21,737 [INFO] IPUIPlugin:79 - create IPUIPlugin
2022-12-19 13:10:21,737 [INFO] IPUIPlugin:79 - create IPUIPlugin
2022-12-19 13:10:21,745 [INFO] IPUIPlugin:79 - create IPUIPlugin
2022-12-19 13:10:21,745 [INFO] IPUIPlugin:79 - create IPUIPlugin
2022-12-19 13:10:21,745 [INFO] IPUIPlugin:79 - create IPUIPlugin
2022-12-19 13:10:21,745 [INFO] IPUIPlugin:79 - create IPUIPlugin
2022-12-19 13:10:21,745 [INFO] IPUIPlugin:79 - create IPUIPlugin
2022-12-19 13:10:21,745 [INFO] IPUIPlugin:79 - create IPUIPlugin
2022-12-19 13:10:21,745 [INFO] IPUIPlugin:79 - create IPUIPlugin
2022-12-19 13:10:21,745 [INFO] IPUIPlugin:79 - create IPUIPlugin
2022-12-19 13:10:21,745 [INFO] IPUIPlugin:79 - create IPUIPlugin
2022-12-19 13:10:21,770 [INFO] IPUIPlugin:79 - create IPUIPlugin
2022-12-19 13:10:21,812 [INFO] ApiDbMcu:505 - Load IP Config File for PDM2PCM
2022-12-19 13:10:21,852 [INFO] Can:70 - Can Add PropertyChangeListener com.st.microxplorer.plugins.ip.can.Can@6a06be64
2022-12-19 13:10:21,956 [WARN] FreeRTOS:1004 - Null or empty value: should not occur! (nothing added to the table)
2022-12-19 13:10:22,444 [INFO] RtosManager:614 - Active RTOS found at IOC load: FREERTOS [Cortex-M7NS]
2022-12-19 13:10:22,524 [INFO] OpenFileManager:327 - Restore cursor
2022-12-19 13:10:36,750 [INFO] I2cTimingTraitement:329 - 0x20303E5D
2022-12-19 13:10:52,707 [INFO] NvicIntPanel:100 - NVIC parent = com.st.microxplorer.plugins.ip.nvic.MultiNvicIntPanel[,0,0,450x355,layout=javax.swing.BoxLayout,alignmentX=0.0,alignmentY=0.0,border=,flags=9,maximumSize=,minimumSize=,preferredSize=]
2022-12-19 13:10:55,204 [INFO] NvicIntPanel:100 - NVIC parent = com.st.microxplorer.plugins.ip.nvic.MultiNvicIntPanel[,0,0,0x0,invalid,layout=javax.swing.BoxLayout,alignmentX=0.0,alignmentY=0.0,border=,flags=9,maximumSize=,minimumSize=,preferredSize=]
2022-12-19 13:10:55,968 [INFO] NvicIntPanel:100 - NVIC parent = com.st.microxplorer.plugins.ip.nvic.MultiNvicIntPanel[,0,0,0x0,invalid,layout=javax.swing.BoxLayout,alignmentX=0.0,alignmentY=0.0,border=,flags=9,maximumSize=,minimumSize=,preferredSize=]
2022-12-19 13:10:56,620 [INFO] NvicIntPanel:100 - NVIC parent = com.st.microxplorer.plugins.ip.nvic.MultiNvicIntPanel[,0,0,0x0,invalid,layout=javax.swing.BoxLayout,alignmentX=0.0,alignmentY=0.0,border=,flags=9,maximumSize=,minimumSize=,preferredSize=]
2022-12-19 13:10:57,608 [INFO] NvicIntPanel:100 - NVIC parent = com.st.microxplorer.plugins.ip.nvic.MultiNvicIntPanel[,0,0,0x0,invalid,layout=javax.swing.BoxLayout,alignmentX=0.0,alignmentY=0.0,border=,flags=9,maximumSize=,minimumSize=,preferredSize=]
2022-12-19 13:11:42,936 [INFO] ParamManager:829 - [Generic UI] PropertyChangeEvent: TAB_STATUS_CHANGED , "dont care", "never mind"
2022-12-19 13:13:34,078 [INFO] UtilMem:74 - End SaveConfig() Used Memory: 297270352 Bytes (429916160)
2022-12-19 13:13:37,177 [INFO] UtilMem:74 - End SaveConfig() Used Memory: 297491080 Bytes (429916160)
2022-12-19 13:13:40,510 [INFO] UtilMem:74 - End SaveConfig() Used Memory: 288317944 Bytes (429916160)
2022-12-19 13:13:41,747 [INFO] ProjectBuilder:2253 - IP not ready for code generation: CRC
2022-12-19 13:13:46,965 [INFO] BlockDiagram:2753 - set Specific Code input for plugin: SPI
2022-12-19 13:13:46,965 [INFO] BlockDiagram:2753 - set Specific Code input for plugin: SPI
2022-12-19 13:13:46,965 [INFO] BlockDiagram:2753 - set Specific Code input for plugin: FREERTOS
2022-12-19 13:13:46,965 [INFO] BlockDiagram:2753 - set Specific Code input for plugin: CAN
2022-12-19 13:13:46,965 [INFO] BlockDiagram:2753 - set Specific Code input for plugin: TIM1_8F77
2022-12-19 13:13:46,965 [INFO] BlockDiagram:2753 - set Specific Code input for plugin: USB_DEVICE
2022-12-19 13:13:46,965 [INFO] BlockDiagram:2753 - set Specific Code input for plugin: SYS
2022-12-19 13:13:46,965 [INFO] BlockDiagram:2753 - set Specific Code input for plugin: RCC
2022-12-19 13:13:46,965 [INFO] BlockDiagram:2753 - set Specific Code input for plugin: CRC
2022-12-19 13:13:46,965 [INFO] BlockDiagram:2753 - set Specific Code input for plugin: I2C
2022-12-19 13:13:46,965 [INFO] BlockDiagram:2753 - set Specific Code input for plugin: USB_OTG_FS
2022-12-19 13:13:46,965 [INFO] BlockDiagram:2753 - set Specific Code input for plugin: NVIC
2022-12-19 13:13:46,965 [INFO] BlockDiagram:2753 - set Specific Code input for plugin: DMA
2022-12-19 13:13:46,965 [INFO] BlockDiagram:2753 - set Specific Code input for plugin: UART
2022-12-19 13:13:46,965 [INFO] BlockDiagram:2753 - set Specific Code input for plugin: DAC
2022-12-19 13:13:46,973 [INFO] BlockDiagram:2753 - set Specific Code input for plugin: GPIO
2022-12-19 13:13:46,973 [INFO] BlockDiagram:2753 - set Specific Code input for plugin: ETH
2022-12-19 13:13:46,973 [INFO] CodeGenerator:690 - code generatio: config db path: C:\ST\STM32CubeIDE_1.10.1\STM32CubeIDE\plugins\com.st.stm32cube.common.mx_6.6.1.202207061420\\db\
2022-12-19 13:13:48,241 [INFO] CodeEngine:245 - oldGeneratedFile, C:\Users\fredr\Documents\HIL_proj\SOFTWARE_DEV\Board-code\HiL_Board\MXTmpFiles\license.tmp_save
2022-12-19 13:13:49,471 [INFO] CodeEngine:269 - Generated code: C:\Users\fredr\Documents\HIL_proj\SOFTWARE_DEV\Board-code\HiL_Board\MXTmpFiles\license.tmp
2022-12-19 13:13:50,147 [INFO] CodeEngine:245 - oldGeneratedFile, C:\Users\fredr\Documents\HIL_proj\SOFTWARE_DEV\Board-code\HiL_Board\MXTmpFiles\gpio.tmp_save
2022-12-19 13:13:50,689 [INFO] CodeEngine:269 - Generated code: C:\Users\fredr\Documents\HIL_proj\SOFTWARE_DEV\Board-code\HiL_Board\MXTmpFiles\gpio.tmp
2022-12-19 13:13:51,499 [WARN] IPConfigManager:2910 - Warning: the RefConfig PWREx_EnableUSBVoltageDetector is not available in your config.xml file
2022-12-19 13:13:51,547 [INFO] CodeEngine:245 - oldGeneratedFile, C:\Users\fredr\Documents\HIL_proj\SOFTWARE_DEV\Board-code\HiL_Board\MXTmpFiles\usb_otg_fs_vars.tmp_save
2022-12-19 13:13:51,771 [INFO] CodeEngine:269 - Generated code: C:\Users\fredr\Documents\HIL_proj\SOFTWARE_DEV\Board-code\HiL_Board\MXTmpFiles\usb_otg_fs_vars.tmp
2022-12-19 13:13:51,795 [INFO] CodeEngine:245 - oldGeneratedFile, C:\Users\fredr\Documents\HIL_proj\SOFTWARE_DEV\Board-code\HiL_Board\MXTmpFiles\usb_otg_fs_inc.tmp_save
2022-12-19 13:13:51,947 [INFO] CodeEngine:269 - Generated code: C:\Users\fredr\Documents\HIL_proj\SOFTWARE_DEV\Board-code\HiL_Board\MXTmpFiles\usb_otg_fs_inc.tmp
2022-12-19 13:13:51,987 [INFO] CodeEngine:245 - oldGeneratedFile, C:\Users\fredr\Documents\HIL_proj\SOFTWARE_DEV\Board-code\HiL_Board\MXTmpFiles\usb_otg_fs_HalInit.tmp_save
2022-12-19 13:13:52,277 [INFO] CodeEngine:269 - Generated code: C:\Users\fredr\Documents\HIL_proj\SOFTWARE_DEV\Board-code\HiL_Board\MXTmpFiles\usb_otg_fs_HalInit.tmp
2022-12-19 13:13:52,295 [INFO] CodeEngine:245 - oldGeneratedFile, C:\Users\fredr\Documents\HIL_proj\SOFTWARE_DEV\Board-code\HiL_Board\MXTmpFiles\usb_otg_fs_Msp.tmp_save
2022-12-19 13:13:52,642 [INFO] CodeEngine:269 - Generated code: C:\Users\fredr\Documents\HIL_proj\SOFTWARE_DEV\Board-code\HiL_Board\MXTmpFiles\usb_otg_fs_Msp.tmp
2022-12-19 13:13:57,975 [INFO] Middleware:1435 - No code input for Bsp Dependency
2022-12-19 13:13:58,007 [INFO] CodeEngine:245 - oldGeneratedFile, C:\Users\fredr\Documents\HIL_proj\SOFTWARE_DEV\Board-code\HiL_Board\MXTmpFiles\rtos_inc.tmp_save
2022-12-19 13:13:58,215 [INFO] CodeEngine:269 - Generated code: C:\Users\fredr\Documents\HIL_proj\SOFTWARE_DEV\Board-code\HiL_Board\MXTmpFiles\rtos_inc.tmp
2022-12-19 13:13:58,239 [INFO] CodeEngine:245 - oldGeneratedFile, C:\Users\fredr\Documents\HIL_proj\SOFTWARE_DEV\Board-code\HiL_Board\MXTmpFiles\rtos_kernelInit.tmp_save
2022-12-19 13:13:58,471 [INFO] CodeEngine:269 - Generated code: C:\Users\fredr\Documents\HIL_proj\SOFTWARE_DEV\Board-code\HiL_Board\MXTmpFiles\rtos_kernelInit.tmp
2022-12-19 13:13:58,495 [INFO] CodeEngine:245 - oldGeneratedFile, C:\Users\fredr\Documents\HIL_proj\SOFTWARE_DEV\Board-code\HiL_Board\MXTmpFiles\rtos_kernelStart.tmp_save
2022-12-19 13:13:58,671 [INFO] CodeEngine:269 - Generated code: C:\Users\fredr\Documents\HIL_proj\SOFTWARE_DEV\Board-code\HiL_Board\MXTmpFiles\rtos_kernelStart.tmp
2022-12-19 13:13:58,695 [INFO] CodeEngine:245 - oldGeneratedFile, C:\Users\fredr\Documents\HIL_proj\SOFTWARE_DEV\Board-code\HiL_Board\MXTmpFiles\rtos_typedefs.tmp_save
2022-12-19 13:13:58,863 [INFO] CodeEngine:269 - Generated code: C:\Users\fredr\Documents\HIL_proj\SOFTWARE_DEV\Board-code\HiL_Board\MXTmpFiles\rtos_typedefs.tmp
2022-12-19 13:13:58,895 [INFO] CodeEngine:245 - oldGeneratedFile, C:\Users\fredr\Documents\HIL_proj\SOFTWARE_DEV\Board-code\HiL_Board\MXTmpFiles\rtos_vars.tmp_save
2022-12-19 13:13:59,119 [INFO] CodeEngine:269 - Generated code: C:\Users\fredr\Documents\HIL_proj\SOFTWARE_DEV\Board-code\HiL_Board\MXTmpFiles\rtos_vars.tmp
2022-12-19 13:13:59,135 [INFO] CodeEngine:245 - oldGeneratedFile, C:\Users\fredr\Documents\HIL_proj\SOFTWARE_DEV\Board-code\HiL_Board\MXTmpFiles\rtos_pfp.tmp_save
2022-12-19 13:13:59,279 [INFO] CodeEngine:269 - Generated code: C:\Users\fredr\Documents\HIL_proj\SOFTWARE_DEV\Board-code\HiL_Board\MXTmpFiles\rtos_pfp.tmp
2022-12-19 13:13:59,303 [INFO] CodeEngine:245 - oldGeneratedFile, C:\Users\fredr\Documents\HIL_proj\SOFTWARE_DEV\Board-code\HiL_Board\MXTmpFiles\rtos_obj_creat.tmp_save
2022-12-19 13:13:59,479 [INFO] CodeEngine:269 - Generated code: C:\Users\fredr\Documents\HIL_proj\SOFTWARE_DEV\Board-code\HiL_Board\MXTmpFiles\rtos_obj_creat.tmp
2022-12-19 13:13:59,527 [INFO] CodeEngine:245 - oldGeneratedFile, C:\Users\fredr\Documents\HIL_proj\SOFTWARE_DEV\Board-code\HiL_Board\MXTmpFiles\rtos_default_thread.tmp_save
2022-12-19 13:13:59,695 [INFO] CodeEngine:269 - Generated code: C:\Users\fredr\Documents\HIL_proj\SOFTWARE_DEV\Board-code\HiL_Board\MXTmpFiles\rtos_default_thread.tmp
2022-12-19 13:13:59,717 [INFO] CodeEngine:245 - oldGeneratedFile, C:\Users\fredr\Documents\HIL_proj\SOFTWARE_DEV\Board-code\HiL_Board\MXTmpFiles\rtos_threads.tmp_save
2022-12-19 13:13:59,893 [INFO] CodeEngine:269 - Generated code: C:\Users\fredr\Documents\HIL_proj\SOFTWARE_DEV\Board-code\HiL_Board\MXTmpFiles\rtos_threads.tmp
2022-12-19 13:13:59,941 [INFO] Middleware:1435 - No code input for Bsp Dependency
2022-12-19 13:13:59,997 [INFO] Middleware:1435 - No code input for Bsp Dependency
2022-12-19 13:14:00,045 [INFO] CodeEngine:245 - oldGeneratedFile, C:\Users\fredr\Documents\HIL_proj\SOFTWARE_DEV\Board-code\HiL_Board\MXTmpFiles\rtos_inc.tmp_save
2022-12-19 13:14:00,173 [INFO] CodeEngine:269 - Generated code: C:\Users\fredr\Documents\HIL_proj\SOFTWARE_DEV\Board-code\HiL_Board\MXTmpFiles\rtos_inc.tmp
2022-12-19 13:14:00,181 [INFO] CodeEngine:245 - oldGeneratedFile, C:\Users\fredr\Documents\HIL_proj\SOFTWARE_DEV\Board-code\HiL_Board\MXTmpFiles\rtos_kernelInit.tmp_save
2022-12-19 13:14:00,285 [INFO] CodeEngine:269 - Generated code: C:\Users\fredr\Documents\HIL_proj\SOFTWARE_DEV\Board-code\HiL_Board\MXTmpFiles\rtos_kernelInit.tmp
2022-12-19 13:14:00,301 [INFO] CodeEngine:245 - oldGeneratedFile, C:\Users\fredr\Documents\HIL_proj\SOFTWARE_DEV\Board-code\HiL_Board\MXTmpFiles\rtos_kernelStart.tmp_save
2022-12-19 13:14:00,447 [INFO] CodeEngine:269 - Generated code: C:\Users\fredr\Documents\HIL_proj\SOFTWARE_DEV\Board-code\HiL_Board\MXTmpFiles\rtos_kernelStart.tmp
2022-12-19 13:14:00,463 [INFO] CodeEngine:245 - oldGeneratedFile, C:\Users\fredr\Documents\HIL_proj\SOFTWARE_DEV\Board-code\HiL_Board\MXTmpFiles\rtos_typedefs.tmp_save
2022-12-19 13:14:00,591 [INFO] CodeEngine:269 - Generated code: C:\Users\fredr\Documents\HIL_proj\SOFTWARE_DEV\Board-code\HiL_Board\MXTmpFiles\rtos_typedefs.tmp
2022-12-19 13:14:00,615 [INFO] CodeEngine:245 - oldGeneratedFile, C:\Users\fredr\Documents\HIL_proj\SOFTWARE_DEV\Board-code\HiL_Board\MXTmpFiles\rtos_vars.tmp_save
2022-12-19 13:14:00,800 [INFO] CodeEngine:269 - Generated code: C:\Users\fredr\Documents\HIL_proj\SOFTWARE_DEV\Board-code\HiL_Board\MXTmpFiles\rtos_vars.tmp
2022-12-19 13:14:00,816 [INFO] CodeEngine:245 - oldGeneratedFile, C:\Users\fredr\Documents\HIL_proj\SOFTWARE_DEV\Board-code\HiL_Board\MXTmpFiles\rtos_pfp.tmp_save
2022-12-19 13:14:00,928 [INFO] CodeEngine:269 - Generated code: C:\Users\fredr\Documents\HIL_proj\SOFTWARE_DEV\Board-code\HiL_Board\MXTmpFiles\rtos_pfp.tmp
2022-12-19 13:14:00,960 [INFO] CodeEngine:245 - oldGeneratedFile, C:\Users\fredr\Documents\HIL_proj\SOFTWARE_DEV\Board-code\HiL_Board\MXTmpFiles\rtos_obj_creat.tmp_save
2022-12-19 13:14:01,096 [INFO] CodeEngine:269 - Generated code: C:\Users\fredr\Documents\HIL_proj\SOFTWARE_DEV\Board-code\HiL_Board\MXTmpFiles\rtos_obj_creat.tmp
2022-12-19 13:14:01,120 [INFO] CodeEngine:245 - oldGeneratedFile, C:\Users\fredr\Documents\HIL_proj\SOFTWARE_DEV\Board-code\HiL_Board\MXTmpFiles\rtos_default_thread.tmp_save
2022-12-19 13:14:01,245 [INFO] CodeEngine:269 - Generated code: C:\Users\fredr\Documents\HIL_proj\SOFTWARE_DEV\Board-code\HiL_Board\MXTmpFiles\rtos_default_thread.tmp
2022-12-19 13:14:01,261 [INFO] CodeEngine:245 - oldGeneratedFile, C:\Users\fredr\Documents\HIL_proj\SOFTWARE_DEV\Board-code\HiL_Board\MXTmpFiles\rtos_threads.tmp_save
2022-12-19 13:14:01,421 [INFO] CodeEngine:269 - Generated code: C:\Users\fredr\Documents\HIL_proj\SOFTWARE_DEV\Board-code\HiL_Board\MXTmpFiles\rtos_threads.tmp
2022-12-19 13:14:01,469 [INFO] CodeEngine:245 - oldGeneratedFile, C:\Users\fredr\Documents\HIL_proj\SOFTWARE_DEV\Board-code\HiL_Board\Core\Inc\FreeRTOSConfig.h_save
2022-12-19 13:14:01,645 [INFO] CodeEngine:269 - Generated code: C:\Users\fredr\Documents\HIL_proj\SOFTWARE_DEV\Board-code\HiL_Board\Core\Inc\FreeRTOSConfig.h
2022-12-19 13:14:01,685 [INFO] CodeEngine:245 - oldGeneratedFile, C:\Users\fredr\Documents\HIL_proj\SOFTWARE_DEV\Board-code\HiL_Board\Core\Src\freertos.c_save
2022-12-19 13:14:01,891 [INFO] CodeEngine:269 - Generated code: C:\Users\fredr\Documents\HIL_proj\SOFTWARE_DEV\Board-code\HiL_Board\Core\Src\freertos.c
2022-12-19 13:14:01,931 [INFO] CodeEngine:245 - oldGeneratedFile, C:\Users\fredr\Documents\HIL_proj\SOFTWARE_DEV\Board-code\HiL_Board\MXTmpFiles\cortex.tmp_save
2022-12-19 13:14:02,115 [INFO] CodeEngine:269 - Generated code: C:\Users\fredr\Documents\HIL_proj\SOFTWARE_DEV\Board-code\HiL_Board\MXTmpFiles\cortex.tmp
2022-12-19 13:14:02,264 [INFO] CodeEngine:245 - oldGeneratedFile, C:\Users\fredr\Documents\HIL_proj\SOFTWARE_DEV\Board-code\HiL_Board\MXTmpFiles\dma.tmp_save
2022-12-19 13:14:02,416 [INFO] CodeEngine:269 - Generated code: C:\Users\fredr\Documents\HIL_proj\SOFTWARE_DEV\Board-code\HiL_Board\MXTmpFiles\dma.tmp
2022-12-19 13:14:02,440 [INFO] CodeEngine:245 - oldGeneratedFile, C:\Users\fredr\Documents\HIL_proj\SOFTWARE_DEV\Board-code\HiL_Board\MXTmpFiles\dma_GV.tmp_save
2022-12-19 13:14:02,552 [INFO] CodeEngine:269 - Generated code: C:\Users\fredr\Documents\HIL_proj\SOFTWARE_DEV\Board-code\HiL_Board\MXTmpFiles\dma_GV.tmp
2022-12-19 13:14:02,584 [INFO] Middleware:1435 - No code input for Bsp Dependency
2022-12-19 13:14:02,639 [INFO] CodeEngine:245 - oldGeneratedFile, C:\Users\fredr\Documents\HIL_proj\SOFTWARE_DEV\Board-code\HiL_Board\USB_DEVICE\App\usb_device.c_save
2022-12-19 13:14:02,828 [INFO] CodeEngine:269 - Generated code: C:\Users\fredr\Documents\HIL_proj\SOFTWARE_DEV\Board-code\HiL_Board\USB_DEVICE\App\usb_device.c
2022-12-19 13:14:02,852 [INFO] CodeEngine:245 - oldGeneratedFile, C:\Users\fredr\Documents\HIL_proj\SOFTWARE_DEV\Board-code\HiL_Board\USB_DEVICE\App\usb_device.h_save
2022-12-19 13:14:03,004 [INFO] CodeEngine:269 - Generated code: C:\Users\fredr\Documents\HIL_proj\SOFTWARE_DEV\Board-code\HiL_Board\USB_DEVICE\App\usb_device.h
2022-12-19 13:14:03,044 [INFO] CodeEngine:245 - oldGeneratedFile, C:\Users\fredr\Documents\HIL_proj\SOFTWARE_DEV\Board-code\HiL_Board\USB_DEVICE\Target\usbd_conf.h_save
2022-12-19 13:14:03,180 [INFO] CodeEngine:269 - Generated code: C:\Users\fredr\Documents\HIL_proj\SOFTWARE_DEV\Board-code\HiL_Board\USB_DEVICE\Target\usbd_conf.h
2022-12-19 13:14:03,228 [INFO] CodeEngine:245 - oldGeneratedFile, C:\Users\fredr\Documents\HIL_proj\SOFTWARE_DEV\Board-code\HiL_Board\USB_DEVICE\Target\usbd_conf.c_save
2022-12-19 13:14:03,429 [INFO] CodeEngine:269 - Generated code: C:\Users\fredr\Documents\HIL_proj\SOFTWARE_DEV\Board-code\HiL_Board\USB_DEVICE\Target\usbd_conf.c
2022-12-19 13:14:03,461 [INFO] CodeEngine:245 - oldGeneratedFile, C:\Users\fredr\Documents\HIL_proj\SOFTWARE_DEV\Board-code\HiL_Board\USB_DEVICE\App\usbd_desc.h_save
2022-12-19 13:14:03,605 [INFO] CodeEngine:269 - Generated code: C:\Users\fredr\Documents\HIL_proj\SOFTWARE_DEV\Board-code\HiL_Board\USB_DEVICE\App\usbd_desc.h
2022-12-19 13:14:03,653 [INFO] CodeEngine:245 - oldGeneratedFile, C:\Users\fredr\Documents\HIL_proj\SOFTWARE_DEV\Board-code\HiL_Board\USB_DEVICE\App\usbd_desc.c_save
2022-12-19 13:14:03,813 [INFO] CodeEngine:269 - Generated code: C:\Users\fredr\Documents\HIL_proj\SOFTWARE_DEV\Board-code\HiL_Board\USB_DEVICE\App\usbd_desc.c
2022-12-19 13:14:03,877 [INFO] CodeEngine:245 - oldGeneratedFile, C:\Users\fredr\Documents\HIL_proj\SOFTWARE_DEV\Board-code\HiL_Board\USB_DEVICE\App\usbd_cdc_if.h_save
2022-12-19 13:14:04,021 [INFO] CodeEngine:269 - Generated code: C:\Users\fredr\Documents\HIL_proj\SOFTWARE_DEV\Board-code\HiL_Board\USB_DEVICE\App\usbd_cdc_if.h
2022-12-19 13:14:04,068 [INFO] CodeEngine:245 - oldGeneratedFile, C:\Users\fredr\Documents\HIL_proj\SOFTWARE_DEV\Board-code\HiL_Board\USB_DEVICE\App\usbd_cdc_if.c_save
2022-12-19 13:14:04,252 [INFO] CodeEngine:269 - Generated code: C:\Users\fredr\Documents\HIL_proj\SOFTWARE_DEV\Board-code\HiL_Board\USB_DEVICE\App\usbd_cdc_if.c
2022-12-19 13:14:04,332 [INFO] CodeEngine:245 - oldGeneratedFile, C:\Users\fredr\Documents\HIL_proj\SOFTWARE_DEV\Board-code\HiL_Board\Core\Src\stm32f7xx_it.c_save
2022-12-19 13:14:04,596 [INFO] CodeEngine:269 - Generated code: C:\Users\fredr\Documents\HIL_proj\SOFTWARE_DEV\Board-code\HiL_Board\Core\Src\stm32f7xx_it.c
2022-12-19 13:14:04,634 [INFO] CodeEngine:245 - oldGeneratedFile, C:\Users\fredr\Documents\HIL_proj\SOFTWARE_DEV\Board-code\HiL_Board\Core\Inc\stm32f7xx_it.h_save
2022-12-19 13:14:04,794 [INFO] CodeEngine:269 - Generated code: C:\Users\fredr\Documents\HIL_proj\SOFTWARE_DEV\Board-code\HiL_Board\Core\Inc\stm32f7xx_it.h
2022-12-19 13:14:04,874 [INFO] CodeEngine:245 - oldGeneratedFile, C:\Users\fredr\Documents\HIL_proj\SOFTWARE_DEV\Board-code\HiL_Board\Core\Src\stm32f7xx_hal_msp.c_save
2022-12-19 13:14:05,304 [INFO] CodeEngine:269 - Generated code: C:\Users\fredr\Documents\HIL_proj\SOFTWARE_DEV\Board-code\HiL_Board\Core\Src\stm32f7xx_hal_msp.c
2022-12-19 13:14:05,344 [INFO] CodeEngine:245 - oldGeneratedFile, C:\Users\fredr\Documents\HIL_proj\SOFTWARE_DEV\Board-code\HiL_Board\MXTmpFiles\system.tmp_save
2022-12-19 13:14:05,504 [INFO] CodeEngine:269 - Generated code: C:\Users\fredr\Documents\HIL_proj\SOFTWARE_DEV\Board-code\HiL_Board\MXTmpFiles\system.tmp
2022-12-19 13:14:05,560 [INFO] CodeEngine:245 - oldGeneratedFile, C:\Users\fredr\Documents\HIL_proj\SOFTWARE_DEV\Board-code\HiL_Board\Core\Src\stm32f7xx_hal_timebase_tim.c_save
2022-12-19 13:14:05,812 [INFO] CodeEngine:269 - Generated code: C:\Users\fredr\Documents\HIL_proj\SOFTWARE_DEV\Board-code\HiL_Board\Core\Src\stm32f7xx_hal_timebase_tim.c
2022-12-19 13:14:05,924 [INFO] CodeEngine:245 - oldGeneratedFile, C:\Users\fredr\Documents\HIL_proj\SOFTWARE_DEV\Board-code\HiL_Board\Core\Inc\stm32f7xx_hal_conf.h_save
2022-12-19 13:14:06,164 [INFO] CodeEngine:269 - Generated code: C:\Users\fredr\Documents\HIL_proj\SOFTWARE_DEV\Board-code\HiL_Board\Core\Inc\stm32f7xx_hal_conf.h
2022-12-19 13:14:06,324 [WARN] IPConfigManager:3348 - IP not found : TIM
2022-12-19 13:14:06,324 [WARN] CodeGenerator:3567 - IP not found : null
2022-12-19 13:14:06,372 [INFO] CodeEngine:245 - oldGeneratedFile, C:\Users\fredr\Documents\HIL_proj\SOFTWARE_DEV\Board-code\HiL_Board\Core\Inc\main.h_save
2022-12-19 13:14:06,548 [INFO] CodeEngine:269 - Generated code: C:\Users\fredr\Documents\HIL_proj\SOFTWARE_DEV\Board-code\HiL_Board\Core\Inc\main.h
2022-12-19 13:14:06,596 [INFO] CodeEngine:245 - oldGeneratedFile, C:\Users\fredr\Documents\HIL_proj\SOFTWARE_DEV\Board-code\HiL_Board\Core\Src\main.c_save
2022-12-19 13:14:07,204 [INFO] CodeEngine:269 - Generated code: C:\Users\fredr\Documents\HIL_proj\SOFTWARE_DEV\Board-code\HiL_Board\Core\Src\main.c
2022-12-19 13:14:10,212 [INFO] ProjectBuilder:2919 - Time for Copy HAL[1] : 1529mS.
2022-12-19 13:14:10,268 [INFO] ProjectBuilder:4117 - Project Generator version: 3.17.1
2022-12-19 13:14:11,001 [INFO] ConfigFileManager:1394 - The Die is : DIE451
2022-12-19 13:14:11,028 [INFO] ApiDbMcu:505 - Load IP Config File for FATFS
2022-12-19 13:14:11,052 [INFO] ApiDbMcu:505 - Load IP Config File for LIBJPEG
2022-12-19 13:14:11,156 [INFO] ApiDbMcu:505 - Load IP Config File for LWIP
2022-12-19 13:14:11,189 [INFO] ApiDbMcu:505 - Load IP Config File for MBEDTLS
2022-12-19 13:14:11,229 [INFO] ApiDbMcu:505 - Load IP Config File for USB_HOST
2022-12-19 13:14:17,855 [INFO] ProjectBuilder:4285 - Time for Generating toolchain IDE Files: 7587mS.
2022-12-19 13:14:17,855 [INFO] ProjectBuilder:2790 - Time for Copy CMSIS : 0mS.
2022-12-19 13:14:17,879 [INFO] ProjectBuilder:2790 - Time for Copy CMSIS : 0mS.
